#
# A fatal error has been detected by the Java Runtime Environment:
#
#  EXCEPTION_ACCESS_VIOLATION (0xc0000005) at pc=0x00007ffee2cffe80, pid=5668, tid=1924
#
# JRE version: OpenJDK Runtime Environment (17.0.6) (build 17.0.6+0-b2043.56-10027231)
# Java VM: OpenJDK 64-Bit Server VM (17.0.6+0-b2043.56-10027231, mixed mode, tiered, compressed oops, compressed class ptrs, g1 gc, windows-amd64)
# Problematic frame:
# V  [jvm.dll+0x7afe80]
#
# No core dump will be written. Minidumps are not enabled by default on client versions of Windows
#
# If you would like to submit a bug report, please visit:
#   https://bugreport.java.com/bugreport/crash.jsp
#

---------------  S U M M A R Y ------------

Command Line: --add-opens=java.base/java.util=ALL-UNNAMED --add-opens=java.base/java.lang=ALL-UNNAMED --add-opens=java.base/java.lang.invoke=ALL-UNNAMED --add-opens=java.base/java.util=ALL-UNNAMED --add-opens=java.prefs/java.util.prefs=ALL-UNNAMED --add-opens=java.prefs/java.util.prefs=ALL-UNNAMED --add-opens=java.base/java.nio.charset=ALL-UNNAMED --add-opens=java.base/java.net=ALL-UNNAMED --add-opens=java.base/java.util.concurrent.atomic=ALL-UNNAMED -Xmx1536M -Dfile.encoding=windows-1252 -Duser.country=IN -Duser.language=en -Duser.variant org.gradle.launcher.daemon.bootstrap.GradleDaemon 7.5

Host: Intel(R) Core(TM) i3-2310M CPU @ 2.10GHz, 4 cores, 3G,  Windows 10 , 64 bit Build 19041 (10.0.19041.3570)
Time: Mon Oct 23 10:44:00 2023 India Standard Time elapsed time: 161.471207 seconds (0d 0h 2m 41s)

---------------  T H R E A D  ---------------

Current thread (0x0000019e1d4eff00):  JavaThread "C2 CompilerThread1" daemon [_thread_in_vm, id=1924, stack(0x0000007d29100000,0x0000007d29200000)]


Current CompileTask:
C2: 161471 15849       4       org.gradle.api.internal.artifacts.result.DefaultResolutionResult::eachElement (92 bytes)

Stack: [0x0000007d29100000,0x0000007d29200000],  sp=0x0000007d291ff068,  free space=1020k
Native frames: (J=compiled Java code, j=interpreted, Vv=VM code, C=native code)
V  [jvm.dll+0x7afe80]


siginfo: EXCEPTION_ACCESS_VIOLATION (0xc0000005), reading address 0x0000019a14684518


Register to memory mapping:

RIP=0x00007ffee2cffe80 jvm.dll
RAX=0x0000019e205ceee0 points into unknown readable memory: 0x0000019e2202f4e0 | e0 f4 02 22 9e 01 00 00
RBX=0x00000000000002ca is an unknown value
RCX=0x0000019a14684518 is an unknown value
RDX=0x0000000094d50004 is an unknown value
RSP=0x0000007d291ff068 is pointing into the stack for thread: 0x0000019e1d4eff00
RBP=0x0000007d291ff1d0 is pointing into the stack for thread: 0x0000019e1d4eff00
RSI=0x0000019e17bfd460 points into unknown readable memory: 0x0000007d291ff2e8 | e8 f2 1f 29 7d 00 00 00
RDI=0x0000000000001650 is an unknown value
R8 =0x0000000000000083 is an unknown value
R9 =0x000000007ffe8000 points into unknown readable memory: 0x00000000546c6148 | 48 61 6c 54 00 00 00 00
R10=0x00000000546c6148 is an unknown value
R11=0x0000005b4c2905fc is an unknown value
R12=0x0000019e1da9d200 points into unknown readable memory: 0x0000000000000000 | 00 00 00 00 00 00 00 00
R13=0x0 is NULL
R14=0x0000000000000050 is an unknown value
R15=0x0000000000000020 is an unknown value


Registers:
RAX=0x0000019e205ceee0, RBX=0x00000000000002ca, RCX=0x0000019a14684518, RDX=0x0000000094d50004
RSP=0x0000007d291ff068, RBP=0x0000007d291ff1d0, RSI=0x0000019e17bfd460, RDI=0x0000000000001650
R8 =0x0000000000000083, R9 =0x000000007ffe8000, R10=0x00000000546c6148, R11=0x0000005b4c2905fc
R12=0x0000019e1da9d200, R13=0x0000000000000000, R14=0x0000000000000050, R15=0x0000000000000020
RIP=0x00007ffee2cffe80, EFLAGS=0x0000000000010293

Top of Stack: (sp=0x0000007d291ff068)
0x0000007d291ff068:   00007ffee272a7d4 0000007d291ff440
0x0000007d291ff078:   00007ffee2d51017 00002c002b477835
0x0000007d291ff088:   0000000000000001 0000007d291ff2e0
0x0000007d291ff098:   00007ffee2713304 0000019e1d4eff00
0x0000007d291ff0a8:   0000019e1d4eff00 000000000005f400
0x0000007d291ff0b8:   0000019e083c8f48 0000000000000000
0x0000007d291ff0c8:   00007ffee277b2ef 0000019e7c538440
0x0000007d291ff0d8:   0000000000000000 0000019e1629df90
0x0000007d291ff0e8:   0000019e1d4eff00 0000019e00000000
0x0000007d291ff0f8:   0000000000000000 0000019e7a280000
0x0000007d291ff108:   00007ffefaf78b08 0000000000000001
0x0000007d291ff118:   00007fff1d01b3c7 ffffffff7a250000
0x0000007d291ff128:   0000000000000000 0000000000000000
0x0000007d291ff138:   0000019e7c507c40 0000007d00000004
0x0000007d291ff148:   0000019e1dd54670 0000019e1d71a7c0
0x0000007d291ff158:   0000000000003de9 0000019e7c538440 

Instructions: (pc=0x00007ffee2cffe80)
0x00007ffee2cffd80:   ff ff ff 48 ff c1 80 3c 08 00 75 f7 48 63 d1 85
0x00007ffee2cffd90:   c9 7e 14 80 38 2f 75 03 c6 00 2e 48 ff c0 48 83
0x00007ffee2cffda0:   ea 01 75 ef 49 8b c0 48 83 c4 28 c3 cc cc cc cc
0x00007ffee2cffdb0:   48 89 5c 24 08 48 89 6c 24 10 48 89 74 24 18 57
0x00007ffee2cffdc0:   48 83 ec 20 0f b7 51 04 48 8b f1 48 83 c1 06 e8
0x00007ffee2cffdd0:   4c ca 06 00 33 d2 8d 58 01 48 63 cb e8 3f aa f2
0x00007ffee2cffde0:   ff 0f b7 56 04 48 8d 4e 06 44 8b cb 4c 8b c0 48
0x00007ffee2cffdf0:   8b f8 e8 79 c3 06 00 48 8b 5c 24 30 48 8b c7 48
0x00007ffee2cffe00:   8b 6c 24 38 48 8b 74 24 40 48 83 c4 20 5f c3 cc
0x00007ffee2cffe10:   48 89 5c 24 18 48 89 74 24 20 57 48 83 ec 20 48
0x00007ffee2cffe20:   8b da 48 8d 71 06 0f b7 51 04 4c 8d 4c 24 30 48
0x00007ffee2cffe30:   8b ce 4c 8d 44 24 38 e8 54 cb 06 00 48 63 c8 33
0x00007ffee2cffe40:   d2 48 03 c9 89 03 e8 d5 a9 f2 ff 44 8b 03 48 8b
0x00007ffee2cffe50:   f8 45 85 c0 7e 0e 48 8b d0 48 8b ce e8 af bf 06
0x00007ffee2cffe60:   00 48 8b c7 48 8b 5c 24 40 48 8b 74 24 48 48 83
0x00007ffee2cffe70:   c4 20 5f c3 cc cc cc cc cc cc cc cc cc cc cc cc
0x00007ffee2cffe80:   8b 01 0f b7 d0 81 fa ff ff 00 00 74 1b 0f 1f 00
0x00007ffee2cffe90:   85 d2 74 14 8d 50 ff f0 0f b1 11 74 0b 0f b7 d0
0x00007ffee2cffea0:   81 fa ff ff 00 00 75 e8 c3 cc cc cc cc cc cc cc
0x00007ffee2cffeb0:   8b 01 0f b7 d0 81 fa ff ff 00 00 74 1b 0f 1f 00
0x00007ffee2cffec0:   85 d2 74 14 8d 50 01 f0 0f b1 11 74 0b 0f b7 d0
0x00007ffee2cffed0:   81 fa ff ff 00 00 75 e8 c3 cc cc cc cc cc cc cc
0x00007ffee2cffee0:   40 55 41 57 48 83 ec 38 49 63 e9 4d 8b f8 45 85
0x00007ffee2cffef0:   c9 7f 0a 33 c0 48 83 c4 38 41 5f 5d c3 48 89 5c
0x00007ffee2cfff00:   24 50 48 89 74 24 58 0f b7 71 04 48 89 7c 24 60
0x00007ffee2cfff10:   48 2b f5 4c 89 64 24 30 4c 89 6c 24 28 4c 8d 69
0x00007ffee2cfff20:   06 48 63 da 49 03 f5 49 03 dd 4c 89 74 24 20 48
0x00007ffee2cfff30:   3b de 77 62 41 0f be 00 0f 1f 84 00 00 00 00 00
0x00007ffee2cfff40:   4c 8b c6 8b d0 4c 2b c3 48 8b cb 49 ff c0 e8 5d
0x00007ffee2cfff50:   ed 0e 00 48 8b f8 48 85 c0 74 3b 48 8d 58 01 83
0x00007ffee2cfff60:   fd 02 7f 0e 42 0f b6 4c 3d ff 33 d2 38 4c 05 ff
0x00007ffee2cfff70:   eb 14 49 8d 57 01 48 8b cb 4c 8d 45 ff e8 28 ed 


Stack slot to memory mapping:
stack at sp + 0 slots: 0x00007ffee272a7d4 jvm.dll
stack at sp + 1 slots: 0x0000007d291ff440 is pointing into the stack for thread: 0x0000019e1d4eff00
stack at sp + 2 slots: 0x00007ffee2d51017 jvm.dll
stack at sp + 3 slots: 0x00002c002b477835 is an unknown value
stack at sp + 4 slots: 0x0000000000000001 is an unknown value
stack at sp + 5 slots: 0x0000007d291ff2e0 is pointing into the stack for thread: 0x0000019e1d4eff00
stack at sp + 6 slots: 0x00007ffee2713304 jvm.dll
stack at sp + 7 slots: 0x0000019e1d4eff00 is a thread


---------------  P R O C E S S  ---------------

Threads class SMR info:
_java_thread_list=0x0000019e1de5be10, length=94, elements={
0x0000019e7c46fce0, 0x0000019e147d7680, 0x0000019e147d8ba0, 0x0000019e148029a0,
0x0000019e14803460, 0x0000019e148064d0, 0x0000019e14809540, 0x0000019e1481f2a0,
0x0000019e14820ae0, 0x0000019e14827c00, 0x0000019e1555cbb0, 0x0000019e155604e0,
0x0000019e18424a90, 0x0000019e15dc3fe0, 0x0000019e168756f0, 0x0000019e1604f580,
0x0000019e17a1cdf0, 0x0000019e18b775b0, 0x0000019e16cf2b50, 0x0000019e178ccf00,
0x0000019e178cd8a0, 0x0000019e178cc560, 0x0000019e178cb6f0, 0x0000019e178cc090,
0x0000019e178cb220, 0x0000019e178cdd70, 0x0000019e178cca30, 0x0000019e178cd3d0,
0x0000019e178ce240, 0x0000019e178ce710, 0x0000019e178cbbc0, 0x0000019e1866ea30,
0x0000019e18673730, 0x0000019e1866ef00, 0x0000019e1866f3d0, 0x0000019e1866f8a0,
0x0000019e18670710, 0x0000019e18670240, 0x0000019e18670be0, 0x0000019e186745a0,
0x0000019e186710b0, 0x0000019e18671a50, 0x0000019e18675410, 0x0000019e18671580,
0x0000019e18671f20, 0x0000019e186723f0, 0x0000019e18672d90, 0x0000019e18673260,
0x0000019e186758e0, 0x0000019e18673c00, 0x0000019e1802b360, 0x0000019e18026190,
0x0000019e1802b830, 0x0000019e180274d0, 0x0000019e180279a0, 0x0000019e18026660,
0x0000019e18029680, 0x0000019e1802bd00, 0x0000019e18025cc0, 0x0000019e18029b50,
0x0000019e1802a020, 0x0000019e1802c1d0, 0x0000019e1802a4f0, 0x0000019e18024980,
0x0000019e18027e70, 0x0000019e18026b30, 0x0000019e18024e50, 0x0000019e18025320,
0x0000019e180257f0, 0x0000019e18028340, 0x0000019e1802ae90, 0x0000019e18027000,
0x0000019e18028810, 0x0000019e18028ce0, 0x0000019e180291b0, 0x0000019e1802a9c0,
0x0000019e1986bae0, 0x0000019e19871180, 0x0000019e1986efd0, 0x0000019e1986f970,
0x0000019e1986fe40, 0x0000019e1986ce20, 0x0000019e19872e60, 0x0000019e1986d2f0,
0x0000019e1986b610, 0x0000019e1986d7c0, 0x0000019e1845f690, 0x0000019e18460500,
0x0000019e1845cb40, 0x0000019e1845b330, 0x0000019e1845fb60, 0x0000019e1845d9b0,
0x0000019e1845b800, 0x0000019e1d4eff00
}

Java Threads: ( => current thread )
  0x0000019e7c46fce0 JavaThread "main" [_thread_blocked, id=6212, stack(0x0000007d22e00000,0x0000007d22f00000)]
  0x0000019e147d7680 JavaThread "Reference Handler" daemon [_thread_blocked, id=11204, stack(0x0000007d23500000,0x0000007d23600000)]
  0x0000019e147d8ba0 JavaThread "Finalizer" daemon [_thread_blocked, id=2488, stack(0x0000007d23600000,0x0000007d23700000)]
  0x0000019e148029a0 JavaThread "Signal Dispatcher" daemon [_thread_blocked, id=696, stack(0x0000007d23700000,0x0000007d23800000)]
  0x0000019e14803460 JavaThread "Attach Listener" daemon [_thread_blocked, id=1888, stack(0x0000007d23800000,0x0000007d23900000)]
  0x0000019e148064d0 JavaThread "Service Thread" daemon [_thread_blocked, id=2924, stack(0x0000007d23900000,0x0000007d23a00000)]
  0x0000019e14809540 JavaThread "Monitor Deflation Thread" daemon [_thread_blocked, id=7460, stack(0x0000007d23a00000,0x0000007d23b00000)]
  0x0000019e1481f2a0 JavaThread "C2 CompilerThread0" daemon [_thread_in_native, id=6336, stack(0x0000007d23b00000,0x0000007d23c00000)]
  0x0000019e14820ae0 JavaThread "C1 CompilerThread0" daemon [_thread_blocked, id=9636, stack(0x0000007d23c00000,0x0000007d23d00000)]
  0x0000019e14827c00 JavaThread "Sweeper thread" daemon [_thread_blocked, id=3396, stack(0x0000007d23d00000,0x0000007d23e00000)]
  0x0000019e1555cbb0 JavaThread "Common-Cleaner" daemon [_thread_blocked, id=9556, stack(0x0000007d23e00000,0x0000007d23f00000)]
  0x0000019e155604e0 JavaThread "Notification Thread" daemon [_thread_blocked, id=2288, stack(0x0000007d23f00000,0x0000007d24000000)]
  0x0000019e18424a90 JavaThread "Daemon health stats" [_thread_blocked, id=916, stack(0x0000007d24500000,0x0000007d24600000)]
  0x0000019e15dc3fe0 JavaThread "Incoming local TCP Connector on port 53679" [_thread_in_native, id=6672, stack(0x0000007d24400000,0x0000007d24500000)]
  0x0000019e168756f0 JavaThread "Daemon periodic checks" [_thread_blocked, id=8584, stack(0x0000007d24600000,0x0000007d24700000)]
  0x0000019e1604f580 JavaThread "Daemon" [_thread_blocked, id=8984, stack(0x0000007d24700000,0x0000007d24800000)]
  0x0000019e17a1cdf0 JavaThread "Handler for socket connection from /127.0.0.1:53679 to /127.0.0.1:53680" [_thread_in_native, id=10128, stack(0x0000007d24800000,0x0000007d24900000)]
  0x0000019e18b775b0 JavaThread "Cancel handler" [_thread_blocked, id=9936, stack(0x0000007d24900000,0x0000007d24a00000)]
  0x0000019e16cf2b50 JavaThread "Daemon worker" [_thread_blocked, id=10884, stack(0x0000007d24a00000,0x0000007d24b00000)]
  0x0000019e178ccf00 JavaThread "Asynchronous log dispatcher for DefaultDaemonConnection: socket connection from /127.0.0.1:53679 to /127.0.0.1:53680" [_thread_blocked, id=3660, stack(0x0000007d24b00000,0x0000007d24c00000)]
  0x0000019e178cd8a0 JavaThread "Daemon client event forwarder" [_thread_blocked, id=9384, stack(0x0000007d24d00000,0x0000007d24e00000)]
  0x0000019e178cc560 JavaThread "Cache worker for journal cache (C:\Users\Raj\.gradle\caches\journal-1)" [_thread_blocked, id=4140, stack(0x0000007d24e00000,0x0000007d24f00000)]
  0x0000019e178cb6f0 JavaThread "File lock request listener" [_thread_in_native, id=1544, stack(0x0000007d24f00000,0x0000007d25000000)]
  0x0000019e178cc090 JavaThread "Cache worker for file hash cache (C:\Users\Raj\.gradle\caches\7.5\fileHashes)" [_thread_blocked, id=5744, stack(0x0000007d25000000,0x0000007d25100000)]
  0x0000019e178cb220 JavaThread "File watcher server" daemon [_thread_in_native, id=6936, stack(0x0000007d25100000,0x0000007d25200000)]
  0x0000019e178cdd70 JavaThread "File watcher consumer" daemon [_thread_blocked, id=7320, stack(0x0000007d25200000,0x0000007d25300000)]
  0x0000019e178cca30 JavaThread "Cache worker for checksums cache (D:\booktickets\android\.gradle\7.5\checksums)" [_thread_blocked, id=8716, stack(0x0000007d25300000,0x0000007d25400000)]
  0x0000019e178cd3d0 JavaThread "Cache worker for cache directory md-rule (C:\Users\Raj\.gradle\caches\7.5\md-rule)" [_thread_blocked, id=8532, stack(0x0000007d25400000,0x0000007d25500000)]
  0x0000019e178ce240 JavaThread "Cache worker for file content cache (C:\Users\Raj\.gradle\caches\7.5\fileContent)" [_thread_blocked, id=544, stack(0x0000007d25500000,0x0000007d25600000)]
  0x0000019e178ce710 JavaThread "Cache worker for file hash cache (D:\booktickets\android\.gradle\7.5\fileHashes)" [_thread_blocked, id=3120, stack(0x0000007d25600000,0x0000007d25700000)]
  0x0000019e178cbbc0 JavaThread "Cache worker for cache directory md-supplier (C:\Users\Raj\.gradle\caches\7.5\md-supplier)" [_thread_blocked, id=9600, stack(0x0000007d25700000,0x0000007d25800000)]
  0x0000019e1866ea30 JavaThread "Cache worker for execution history cache (C:\Users\Raj\.gradle\caches\7.5\executionHistory)" [_thread_blocked, id=6428, stack(0x0000007d25800000,0x0000007d25900000)]
  0x0000019e18673730 JavaThread "jar transforms" [_thread_blocked, id=752, stack(0x0000007d25a00000,0x0000007d25b00000)]
  0x0000019e1866ef00 JavaThread "jar transforms Thread 2" [_thread_blocked, id=4532, stack(0x0000007d25b00000,0x0000007d25c00000)]
  0x0000019e1866f3d0 JavaThread "jar transforms Thread 3" [_thread_blocked, id=1504, stack(0x0000007d25c00000,0x0000007d25d00000)]
  0x0000019e1866f8a0 JavaThread "jar transforms Thread 4" [_thread_blocked, id=4040, stack(0x0000007d25d00000,0x0000007d25e00000)]
  0x0000019e18670710 JavaThread "Cache worker for dependencies-accessors (D:\booktickets\android\.gradle\7.5\dependencies-accessors)" [_thread_blocked, id=10612, stack(0x0000007d25e00000,0x0000007d25f00000)]
  0x0000019e18670240 JavaThread "Cache worker for Build Output Cleanup Cache (D:\booktickets\android\.gradle\buildOutputCleanup)" [_thread_blocked, id=1080, stack(0x0000007d25f00000,0x0000007d26000000)]
  0x0000019e18670be0 JavaThread "Unconstrained build operations" [_thread_blocked, id=3348, stack(0x0000007d25900000,0x0000007d25a00000)]
  0x0000019e186745a0 JavaThread "Unconstrained build operations Thread 2" [_thread_blocked, id=9572, stack(0x0000007d26000000,0x0000007d26100000)]
  0x0000019e186710b0 JavaThread "Unconstrained build operations Thread 3" [_thread_blocked, id=7656, stack(0x0000007d26100000,0x0000007d26200000)]
  0x0000019e18671a50 JavaThread "Unconstrained build operations Thread 4" [_thread_blocked, id=9652, stack(0x0000007d26200000,0x0000007d26300000)]
  0x0000019e18675410 JavaThread "Unconstrained build operations Thread 5" [_thread_blocked, id=3900, stack(0x0000007d26300000,0x0000007d26400000)]
  0x0000019e18671580 JavaThread "Unconstrained build operations Thread 6" [_thread_blocked, id=1072, stack(0x0000007d26400000,0x0000007d26500000)]
  0x0000019e18671f20 JavaThread "Unconstrained build operations Thread 7" [_thread_blocked, id=8084, stack(0x0000007d26500000,0x0000007d26600000)]
  0x0000019e186723f0 JavaThread "Unconstrained build operations Thread 8" [_thread_blocked, id=9836, stack(0x0000007d26600000,0x0000007d26700000)]
  0x0000019e18672d90 JavaThread "Unconstrained build operations Thread 9" [_thread_blocked, id=6696, stack(0x0000007d26700000,0x0000007d26800000)]
  0x0000019e18673260 JavaThread "Unconstrained build operations Thread 10" [_thread_blocked, id=4852, stack(0x0000007d26800000,0x0000007d26900000)]
  0x0000019e186758e0 JavaThread "Unconstrained build operations Thread 11" [_thread_blocked, id=7928, stack(0x0000007d26900000,0x0000007d26a00000)]
  0x0000019e18673c00 JavaThread "Unconstrained build operations Thread 12" [_thread_blocked, id=7332, stack(0x0000007d26a00000,0x0000007d26b00000)]
  0x0000019e1802b360 JavaThread "Unconstrained build operations Thread 13" [_thread_blocked, id=10028, stack(0x0000007d26b00000,0x0000007d26c00000)]
  0x0000019e18026190 JavaThread "Unconstrained build operations Thread 14" [_thread_blocked, id=7484, stack(0x0000007d26c00000,0x0000007d26d00000)]
  0x0000019e1802b830 JavaThread "Unconstrained build operations Thread 15" [_thread_blocked, id=7356, stack(0x0000007d26d00000,0x0000007d26e00000)]
  0x0000019e180274d0 JavaThread "Unconstrained build operations Thread 16" [_thread_blocked, id=1124, stack(0x0000007d26e00000,0x0000007d26f00000)]
  0x0000019e180279a0 JavaThread "Unconstrained build operations Thread 17" [_thread_blocked, id=6940, stack(0x0000007d26f00000,0x0000007d27000000)]
  0x0000019e18026660 JavaThread "Unconstrained build operations Thread 18" [_thread_blocked, id=5568, stack(0x0000007d27000000,0x0000007d27100000)]
  0x0000019e18029680 JavaThread "Unconstrained build operations Thread 19" [_thread_blocked, id=864, stack(0x0000007d27100000,0x0000007d27200000)]
  0x0000019e1802bd00 JavaThread "Unconstrained build operations Thread 20" [_thread_blocked, id=8460, stack(0x0000007d27200000,0x0000007d27300000)]
  0x0000019e18025cc0 JavaThread "Unconstrained build operations Thread 21" [_thread_blocked, id=3372, stack(0x0000007d27300000,0x0000007d27400000)]
  0x0000019e18029b50 JavaThread "Unconstrained build operations Thread 22" [_thread_blocked, id=2572, stack(0x0000007d27400000,0x0000007d27500000)]
  0x0000019e1802a020 JavaThread "Unconstrained build operations Thread 23" [_thread_blocked, id=6304, stack(0x0000007d27500000,0x0000007d27600000)]
  0x0000019e1802c1d0 JavaThread "Unconstrained build operations Thread 24" [_thread_blocked, id=9516, stack(0x0000007d27600000,0x0000007d27700000)]
  0x0000019e1802a4f0 JavaThread "Unconstrained build operations Thread 25" [_thread_blocked, id=6312, stack(0x0000007d27700000,0x0000007d27800000)]
  0x0000019e18024980 JavaThread "Unconstrained build operations Thread 26" [_thread_blocked, id=1000, stack(0x0000007d27800000,0x0000007d27900000)]
  0x0000019e18027e70 JavaThread "Unconstrained build operations Thread 27" [_thread_blocked, id=2440, stack(0x0000007d27900000,0x0000007d27a00000)]
  0x0000019e18026b30 JavaThread "Unconstrained build operations Thread 28" [_thread_blocked, id=8504, stack(0x0000007d27a00000,0x0000007d27b00000)]
  0x0000019e18024e50 JavaThread "Unconstrained build operations Thread 29" [_thread_blocked, id=4400, stack(0x0000007d27b00000,0x0000007d27c00000)]
  0x0000019e18025320 JavaThread "Unconstrained build operations Thread 30" [_thread_blocked, id=1416, stack(0x0000007d27c00000,0x0000007d27d00000)]
  0x0000019e180257f0 JavaThread "Unconstrained build operations Thread 31" [_thread_in_native, id=5628, stack(0x0000007d27d00000,0x0000007d27e00000)]
  0x0000019e18028340 JavaThread "Unconstrained build operations Thread 32" [_thread_blocked, id=7284, stack(0x0000007d27e00000,0x0000007d27f00000)]
  0x0000019e1802ae90 JavaThread "Unconstrained build operations Thread 33" [_thread_blocked, id=10016, stack(0x0000007d27f00000,0x0000007d28000000)]
  0x0000019e18027000 JavaThread "Unconstrained build operations Thread 34" [_thread_blocked, id=10212, stack(0x0000007d28000000,0x0000007d28100000)]
  0x0000019e18028810 JavaThread "Unconstrained build operations Thread 35" [_thread_blocked, id=10728, stack(0x0000007d28100000,0x0000007d28200000)]
  0x0000019e18028ce0 JavaThread "Unconstrained build operations Thread 36" [_thread_blocked, id=6512, stack(0x0000007d28200000,0x0000007d28300000)]
  0x0000019e180291b0 JavaThread "Unconstrained build operations Thread 37" [_thread_blocked, id=1128, stack(0x0000007d28300000,0x0000007d28400000)]
  0x0000019e1802a9c0 JavaThread "Unconstrained build operations Thread 38" [_thread_blocked, id=11144, stack(0x0000007d28400000,0x0000007d28500000)]
  0x0000019e1986bae0 JavaThread "Unconstrained build operations Thread 39" [_thread_blocked, id=8524, stack(0x0000007d28500000,0x0000007d28600000)]
  0x0000019e19871180 JavaThread "Unconstrained build operations Thread 40" [_thread_blocked, id=5632, stack(0x0000007d28600000,0x0000007d28700000)]
  0x0000019e1986efd0 JavaThread "Cache worker for kotlin-dsl (C:\Users\Raj\.gradle\caches\7.5\kotlin-dsl)" [_thread_blocked, id=6636, stack(0x0000007d28700000,0x0000007d28800000)]
  0x0000019e1986f970 JavaThread "Cache worker for Build Output Cleanup Cache (C:\flutter\packages\flutter_tools\gradle\.gradle\buildOutputCleanup)" [_thread_blocked, id=8208, stack(0x0000007d28900000,0x0000007d28a00000)]
  0x0000019e1986fe40 JavaThread "Memory manager" [_thread_blocked, id=10056, stack(0x0000007d28a00000,0x0000007d28b00000)]
  0x0000019e1986ce20 JavaThread "included builds" [_thread_blocked, id=9584, stack(0x0000007d28b00000,0x0000007d28c00000)]
  0x0000019e19872e60 JavaThread "Execution worker" [_thread_blocked, id=6708, stack(0x0000007d28c00000,0x0000007d28d00000)]
  0x0000019e1986d2f0 JavaThread "Execution worker Thread 2" [_thread_blocked, id=2828, stack(0x0000007d28d00000,0x0000007d28e00000)]
  0x0000019e1986b610 JavaThread "Execution worker Thread 3" [_thread_blocked, id=9156, stack(0x0000007d28e00000,0x0000007d28f00000)]
  0x0000019e1986d7c0 JavaThread "Cache worker for execution history cache (C:\flutter\packages\flutter_tools\gradle\.gradle\7.5\executionHistory)" [_thread_blocked, id=244, stack(0x0000007d28f00000,0x0000007d29000000)]
  0x0000019e1845f690 JavaThread "File lock release action executor" [_thread_blocked, id=9368, stack(0x0000007d29200000,0x0000007d29300000)]
  0x0000019e18460500 JavaThread "Cache worker for execution history cache (D:\booktickets\android\.gradle\7.5\executionHistory)" [_thread_blocked, id=5916, stack(0x0000007d22b00000,0x0000007d22c00000)]
  0x0000019e1845cb40 JavaThread "Exec process" [_thread_blocked, id=8272, stack(0x0000007d22c00000,0x0000007d22d00000)]
  0x0000019e1845b330 JavaThread "Exec process Thread 2" [_thread_blocked, id=11256, stack(0x0000007d22d00000,0x0000007d22e00000)]
  0x0000019e1845fb60 JavaThread "Exec process Thread 3" [_thread_blocked, id=8760, stack(0x0000007d24c00000,0x0000007d24d00000)]
  0x0000019e1845d9b0 JavaThread "WorkerExecutor Queue" [_thread_blocked, id=9592, stack(0x0000007d28800000,0x0000007d28900000)]
  0x0000019e1845b800 JavaThread "WorkerExecutor Queue Thread 2" [_thread_blocked, id=6504, stack(0x0000007d29000000,0x0000007d29100000)]
=>0x0000019e1d4eff00 JavaThread "C2 CompilerThread1" daemon [_thread_in_vm, id=1924, stack(0x0000007d29100000,0x0000007d29200000)]

Other Threads:
  0x0000019e147b0640 VMThread "VM Thread" [stack: 0x0000007d23400000,0x0000007d23500000] [id=1228]
  0x0000019e155631e0 WatcherThread [stack: 0x0000007d24000000,0x0000007d24100000] [id=5560]
  0x0000019e7c4ba450 GCTaskThread "GC Thread#0" [stack: 0x0000007d22f00000,0x0000007d23000000] [id=10072]
  0x0000019e157f8cf0 GCTaskThread "GC Thread#1" [stack: 0x0000007d24200000,0x0000007d24300000] [id=8076]
  0x0000019e159133b0 GCTaskThread "GC Thread#2" [stack: 0x0000007d24300000,0x0000007d24400000] [id=5308]
  0x0000019e1617ca20 GCTaskThread "GC Thread#3" [stack: 0x0000007d24100000,0x0000007d24200000] [id=5480]
  0x0000019e7c4c82b0 ConcurrentGCThread "G1 Main Marker" [stack: 0x0000007d23000000,0x0000007d23100000] [id=5316]
  0x0000019e7c4c9370 ConcurrentGCThread "G1 Conc#0" [stack: 0x0000007d23100000,0x0000007d23200000] [id=756]
  0x0000019e7c5195f0 ConcurrentGCThread "G1 Refine#0" [stack: 0x0000007d23200000,0x0000007d23300000] [id=4460]
  0x0000019e7c519f20 ConcurrentGCThread "G1 Service" [stack: 0x0000007d23300000,0x0000007d23400000] [id=6028]

Threads with active compile tasks:
C2 CompilerThread0   161584 15988       4       org.gradle.api.internal.artifacts.ivyservice.resolveengine.result.ResolvedVariantResultSerializer::write (150 bytes)
C2 CompilerThread1   161584 15849       4       org.gradle.api.internal.artifacts.result.DefaultResolutionResult::eachElement (92 bytes)

VM state: not at safepoint (normal execution)

VM Mutex/Monitor currently owned by a thread: None

Heap address: 0x00000000a0000000, size: 1536 MB, Compressed Oops mode: 32-bit

CDS archive(s) not mapped
Compressed class space mapped at: 0x0000000100000000-0x0000000140000000, reserved size: 1073741824
Narrow klass base: 0x0000000000000000, Narrow klass shift: 3, Narrow klass range: 0x140000000

GC Precious Log:
 CPUs: 4 total, 4 available
 Memory: 4000M
 Large Page Support: Disabled
 NUMA Support: Disabled
 Compressed Oops: Enabled (32-bit)
 Heap Region Size: 1M
 Heap Min Capacity: 8M
 Heap Initial Capacity: 64M
 Heap Max Capacity: 1536M
 Pre-touch: Disabled
 Parallel Workers: 4
 Concurrent Workers: 1
 Concurrent Refinement Workers: 4
 Periodic GC: Disabled

Heap:
 garbage-first heap   total 243712K, used 186159K [0x00000000a0000000, 0x0000000100000000)
  region size 1024K, 18 young (18432K), 5 survivors (5120K)
 Metaspace       used 104572K, committed 105792K, reserved 1146880K
  class space    used 14315K, committed 14848K, reserved 1048576K

Heap Regions: E=young(eden), S=young(survivor), O=old, HS=humongous(starts), HC=humongous(continues), CS=collection set, F=free, OA=open archive, CA=closed archive, TAMS=top-at-mark-start (previous, next)
|   0|0x00000000a0000000, 0x00000000a0100000, 0x00000000a0100000|100%|HS|  |TAMS 0x00000000a0100000, 0x00000000a0000000| Complete 
|   1|0x00000000a0100000, 0x00000000a0200000, 0x00000000a0200000|100%|HC|  |TAMS 0x00000000a0200000, 0x00000000a0100000| Complete 
|   2|0x00000000a0200000, 0x00000000a0300000, 0x00000000a0300000|100%|HC|  |TAMS 0x00000000a0300000, 0x00000000a0200000| Complete 
|   3|0x00000000a0300000, 0x00000000a0400000, 0x00000000a0400000|100%| O|  |TAMS 0x00000000a0400000, 0x00000000a0300000| Untracked 
|   4|0x00000000a0400000, 0x00000000a0500000, 0x00000000a0500000|100%| O|  |TAMS 0x00000000a0500000, 0x00000000a0400000| Untracked 
|   5|0x00000000a0500000, 0x00000000a0600000, 0x00000000a0600000|100%| O|  |TAMS 0x00000000a0600000, 0x00000000a0500000| Untracked 
|   6|0x00000000a0600000, 0x00000000a0700000, 0x00000000a0700000|100%| O|  |TAMS 0x00000000a0700000, 0x00000000a0600000| Untracked 
|   7|0x00000000a0700000, 0x00000000a0800000, 0x00000000a0800000|100%| O|  |TAMS 0x00000000a0800000, 0x00000000a0700000| Untracked 
|   8|0x00000000a0800000, 0x00000000a0900000, 0x00000000a0900000|100%| O|  |TAMS 0x00000000a0900000, 0x00000000a0800000| Untracked 
|   9|0x00000000a0900000, 0x00000000a0a00000, 0x00000000a0a00000|100%| O|  |TAMS 0x00000000a0a00000, 0x00000000a0900000| Untracked 
|  10|0x00000000a0a00000, 0x00000000a0b00000, 0x00000000a0b00000|100%| O|  |TAMS 0x00000000a0b00000, 0x00000000a0a00000| Untracked 
|  11|0x00000000a0b00000, 0x00000000a0c00000, 0x00000000a0c00000|100%| O|  |TAMS 0x00000000a0c00000, 0x00000000a0b00000| Untracked 
|  12|0x00000000a0c00000, 0x00000000a0d00000, 0x00000000a0d00000|100%| O|  |TAMS 0x00000000a0d00000, 0x00000000a0c00000| Untracked 
|  13|0x00000000a0d00000, 0x00000000a0e00000, 0x00000000a0e00000|100%| O|  |TAMS 0x00000000a0e00000, 0x00000000a0d00000| Untracked 
|  14|0x00000000a0e00000, 0x00000000a0f00000, 0x00000000a0f00000|100%| O|  |TAMS 0x00000000a0e00000, 0x00000000a0e00000| Untracked 
|  15|0x00000000a0f00000, 0x00000000a1000000, 0x00000000a1000000|100%| O|  |TAMS 0x00000000a1000000, 0x00000000a0f00000| Untracked 
|  16|0x00000000a1000000, 0x00000000a1100000, 0x00000000a1100000|100%| O|  |TAMS 0x00000000a1100000, 0x00000000a1000000| Untracked 
|  17|0x00000000a1100000, 0x00000000a1200000, 0x00000000a1200000|100%| O|  |TAMS 0x00000000a1200000, 0x00000000a1100000| Untracked 
|  18|0x00000000a1200000, 0x00000000a1300000, 0x00000000a1300000|100%| O|  |TAMS 0x00000000a1300000, 0x00000000a1200000| Untracked 
|  19|0x00000000a1300000, 0x00000000a1400000, 0x00000000a1400000|100%| O|  |TAMS 0x00000000a1400000, 0x00000000a1300000| Untracked 
|  20|0x00000000a1400000, 0x00000000a1500000, 0x00000000a1500000|100%| O|  |TAMS 0x00000000a1500000, 0x00000000a1400000| Untracked 
|  21|0x00000000a1500000, 0x00000000a1600000, 0x00000000a1600000|100%| O|  |TAMS 0x00000000a1600000, 0x00000000a1500000| Untracked 
|  22|0x00000000a1600000, 0x00000000a1700000, 0x00000000a1700000|100%| O|  |TAMS 0x00000000a1700000, 0x00000000a1600000| Untracked 
|  23|0x00000000a1700000, 0x00000000a1800000, 0x00000000a1800000|100%| O|  |TAMS 0x00000000a1800000, 0x00000000a1700000| Untracked 
|  24|0x00000000a1800000, 0x00000000a1900000, 0x00000000a1900000|100%| O|  |TAMS 0x00000000a1900000, 0x00000000a1800000| Untracked 
|  25|0x00000000a1900000, 0x00000000a1a00000, 0x00000000a1a00000|100%| O|  |TAMS 0x00000000a1a00000, 0x00000000a1900000| Untracked 
|  26|0x00000000a1a00000, 0x00000000a1b00000, 0x00000000a1b00000|100%| O|  |TAMS 0x00000000a1b00000, 0x00000000a1a00000| Untracked 
|  27|0x00000000a1b00000, 0x00000000a1c00000, 0x00000000a1c00000|100%| O|  |TAMS 0x00000000a1c00000, 0x00000000a1b00000| Untracked 
|  28|0x00000000a1c00000, 0x00000000a1d00000, 0x00000000a1d00000|100%| O|  |TAMS 0x00000000a1d00000, 0x00000000a1c00000| Untracked 
|  29|0x00000000a1d00000, 0x00000000a1e00000, 0x00000000a1e00000|100%| O|  |TAMS 0x00000000a1e00000, 0x00000000a1d00000| Untracked 
|  30|0x00000000a1e00000, 0x00000000a1f00000, 0x00000000a1f00000|100%| O|  |TAMS 0x00000000a1f00000, 0x00000000a1e00000| Untracked 
|  31|0x00000000a1f00000, 0x00000000a2000000, 0x00000000a2000000|100%|HS|  |TAMS 0x00000000a1f00000, 0x00000000a1f00000| Complete 
|  32|0x00000000a2000000, 0x00000000a2100000, 0x00000000a2100000|100%| O|  |TAMS 0x00000000a2100000, 0x00000000a2000000| Untracked 
|  33|0x00000000a2100000, 0x00000000a2200000, 0x00000000a2200000|100%| O|  |TAMS 0x00000000a2200000, 0x00000000a2100000| Untracked 
|  34|0x00000000a2200000, 0x00000000a2300000, 0x00000000a2300000|100%| O|  |TAMS 0x00000000a2300000, 0x00000000a2200000| Untracked 
|  35|0x00000000a2300000, 0x00000000a2400000, 0x00000000a2400000|100%|HS|  |TAMS 0x00000000a2400000, 0x00000000a2300000| Complete 
|  36|0x00000000a2400000, 0x00000000a2500000, 0x00000000a2500000|100%|HS|  |TAMS 0x00000000a2500000, 0x00000000a2400000| Complete 
|  37|0x00000000a2500000, 0x00000000a2600000, 0x00000000a2600000|100%|HS|  |TAMS 0x00000000a2600000, 0x00000000a2500000| Complete 
|  38|0x00000000a2600000, 0x00000000a2700000, 0x00000000a2700000|100%| O|  |TAMS 0x00000000a2700000, 0x00000000a2600000| Untracked 
|  39|0x00000000a2700000, 0x00000000a2800000, 0x00000000a2800000|100%| O|  |TAMS 0x00000000a2800000, 0x00000000a2700000| Untracked 
|  40|0x00000000a2800000, 0x00000000a2900000, 0x00000000a2900000|100%|HS|  |TAMS 0x00000000a2900000, 0x00000000a2800000| Complete 
|  41|0x00000000a2900000, 0x00000000a2a00000, 0x00000000a2a00000|100%|HC|  |TAMS 0x00000000a2a00000, 0x00000000a2900000| Complete 
|  42|0x00000000a2a00000, 0x00000000a2b00000, 0x00000000a2b00000|100%|HC|  |TAMS 0x00000000a2b00000, 0x00000000a2a00000| Complete 
|  43|0x00000000a2b00000, 0x00000000a2c00000, 0x00000000a2c00000|100%| O|  |TAMS 0x00000000a2c00000, 0x00000000a2b00000| Untracked 
|  44|0x00000000a2c00000, 0x00000000a2d00000, 0x00000000a2d00000|100%| O|  |TAMS 0x00000000a2d00000, 0x00000000a2c00000| Untracked 
|  45|0x00000000a2d00000, 0x00000000a2e00000, 0x00000000a2e00000|100%| O|  |TAMS 0x00000000a2e00000, 0x00000000a2d00000| Untracked 
|  46|0x00000000a2e00000, 0x00000000a2f00000, 0x00000000a2f00000|100%| O|  |TAMS 0x00000000a2f00000, 0x00000000a2e00000| Untracked 
|  47|0x00000000a2f00000, 0x00000000a3000000, 0x00000000a3000000|100%|HS|  |TAMS 0x00000000a3000000, 0x00000000a2f00000| Complete 
|  48|0x00000000a3000000, 0x00000000a3100000, 0x00000000a3100000|100%|HC|  |TAMS 0x00000000a3100000, 0x00000000a3000000| Complete 
|  49|0x00000000a3100000, 0x00000000a3200000, 0x00000000a3200000|100%| O|  |TAMS 0x00000000a3200000, 0x00000000a3100000| Untracked 
|  50|0x00000000a3200000, 0x00000000a3300000, 0x00000000a3300000|100%| O|  |TAMS 0x00000000a3300000, 0x00000000a3200000| Untracked 
|  51|0x00000000a3300000, 0x00000000a3400000, 0x00000000a3400000|100%| O|  |TAMS 0x00000000a3400000, 0x00000000a3300000| Untracked 
|  52|0x00000000a3400000, 0x00000000a3500000, 0x00000000a3500000|100%| O|  |TAMS 0x00000000a3500000, 0x00000000a3400000| Untracked 
|  53|0x00000000a3500000, 0x00000000a3600000, 0x00000000a3600000|100%| O|  |TAMS 0x00000000a3600000, 0x00000000a3500000| Untracked 
|  54|0x00000000a3600000, 0x00000000a3700000, 0x00000000a3700000|100%| O|  |TAMS 0x00000000a3700000, 0x00000000a3600000| Untracked 
|  55|0x00000000a3700000, 0x00000000a3800000, 0x00000000a3800000|100%| O|  |TAMS 0x00000000a3800000, 0x00000000a3700000| Untracked 
|  56|0x00000000a3800000, 0x00000000a3900000, 0x00000000a3900000|100%| O|  |TAMS 0x00000000a3900000, 0x00000000a3800000| Untracked 
|  57|0x00000000a3900000, 0x00000000a3a00000, 0x00000000a3a00000|100%| O|  |TAMS 0x00000000a3a00000, 0x00000000a3900000| Untracked 
|  58|0x00000000a3a00000, 0x00000000a3b00000, 0x00000000a3b00000|100%| O|  |TAMS 0x00000000a3b00000, 0x00000000a3a00000| Untracked 
|  59|0x00000000a3b00000, 0x00000000a3c00000, 0x00000000a3c00000|100%| O|  |TAMS 0x00000000a3c00000, 0x00000000a3b00000| Untracked 
|  60|0x00000000a3c00000, 0x00000000a3d00000, 0x00000000a3d00000|100%| O|  |TAMS 0x00000000a3d00000, 0x00000000a3c00000| Untracked 
|  61|0x00000000a3d00000, 0x00000000a3e00000, 0x00000000a3e00000|100%| O|  |TAMS 0x00000000a3e00000, 0x00000000a3d00000| Untracked 
|  62|0x00000000a3e00000, 0x00000000a3f00000, 0x00000000a3f00000|100%| O|  |TAMS 0x00000000a3f00000, 0x00000000a3e00000| Untracked 
|  63|0x00000000a3f00000, 0x00000000a4000000, 0x00000000a4000000|100%| O|  |TAMS 0x00000000a4000000, 0x00000000a3f00000| Untracked 
|  64|0x00000000a4000000, 0x00000000a4100000, 0x00000000a4100000|100%| O|  |TAMS 0x00000000a4100000, 0x00000000a4000000| Untracked 
|  65|0x00000000a4100000, 0x00000000a4200000, 0x00000000a4200000|100%| O|  |TAMS 0x00000000a4200000, 0x00000000a4100000| Untracked 
|  66|0x00000000a4200000, 0x00000000a4300000, 0x00000000a4300000|100%| O|  |TAMS 0x00000000a4300000, 0x00000000a4200000| Untracked 
|  67|0x00000000a4300000, 0x00000000a4400000, 0x00000000a4400000|100%| O|  |TAMS 0x00000000a4400000, 0x00000000a4300000| Untracked 
|  68|0x00000000a4400000, 0x00000000a4500000, 0x00000000a4500000|100%| O|  |TAMS 0x00000000a4500000, 0x00000000a4400000| Untracked 
|  69|0x00000000a4500000, 0x00000000a4600000, 0x00000000a4600000|100%| O|  |TAMS 0x00000000a4600000, 0x00000000a4500000| Untracked 
|  70|0x00000000a4600000, 0x00000000a4700000, 0x00000000a4700000|100%| O|  |TAMS 0x00000000a4700000, 0x00000000a4600000| Untracked 
|  71|0x00000000a4700000, 0x00000000a4800000, 0x00000000a4800000|100%| O|  |TAMS 0x00000000a4800000, 0x00000000a4700000| Untracked 
|  72|0x00000000a4800000, 0x00000000a4900000, 0x00000000a4900000|100%| O|  |TAMS 0x00000000a4900000, 0x00000000a4800000| Untracked 
|  73|0x00000000a4900000, 0x00000000a4a00000, 0x00000000a4a00000|100%| O|  |TAMS 0x00000000a4a00000, 0x00000000a4900000| Untracked 
|  74|0x00000000a4a00000, 0x00000000a4b00000, 0x00000000a4b00000|100%| O|  |TAMS 0x00000000a4b00000, 0x00000000a4a00000| Untracked 
|  75|0x00000000a4b00000, 0x00000000a4c00000, 0x00000000a4c00000|100%| O|  |TAMS 0x00000000a4c00000, 0x00000000a4b00000| Untracked 
|  76|0x00000000a4c00000, 0x00000000a4d00000, 0x00000000a4d00000|100%| O|  |TAMS 0x00000000a4d00000, 0x00000000a4c00000| Untracked 
|  77|0x00000000a4d00000, 0x00000000a4e00000, 0x00000000a4e00000|100%| O|  |TAMS 0x00000000a4e00000, 0x00000000a4d00000| Untracked 
|  78|0x00000000a4e00000, 0x00000000a4f00000, 0x00000000a4f00000|100%| O|  |TAMS 0x00000000a4f00000, 0x00000000a4e00000| Untracked 
|  79|0x00000000a4f00000, 0x00000000a5000000, 0x00000000a5000000|100%| O|  |TAMS 0x00000000a5000000, 0x00000000a4f00000| Untracked 
|  80|0x00000000a5000000, 0x00000000a5100000, 0x00000000a5100000|100%| O|  |TAMS 0x00000000a5100000, 0x00000000a5000000| Untracked 
|  81|0x00000000a5100000, 0x00000000a5200000, 0x00000000a5200000|100%| O|  |TAMS 0x00000000a5200000, 0x00000000a5100000| Untracked 
|  82|0x00000000a5200000, 0x00000000a5300000, 0x00000000a5300000|100%|HS|  |TAMS 0x00000000a5300000, 0x00000000a5200000| Complete 
|  83|0x00000000a5300000, 0x00000000a5400000, 0x00000000a5400000|100%|HS|  |TAMS 0x00000000a5400000, 0x00000000a5300000| Complete 
|  84|0x00000000a5400000, 0x00000000a5500000, 0x00000000a5500000|100%|HS|  |TAMS 0x00000000a5500000, 0x00000000a5400000| Complete 
|  85|0x00000000a5500000, 0x00000000a5600000, 0x00000000a5600000|100%| O|  |TAMS 0x00000000a5600000, 0x00000000a5500000| Untracked 
|  86|0x00000000a5600000, 0x00000000a5700000, 0x00000000a5700000|100%| O|  |TAMS 0x00000000a5700000, 0x00000000a5600000| Untracked 
|  87|0x00000000a5700000, 0x00000000a5800000, 0x00000000a5800000|100%| O|  |TAMS 0x00000000a5700000, 0x00000000a5700000| Untracked 
|  88|0x00000000a5800000, 0x00000000a5900000, 0x00000000a5900000|100%| O|  |TAMS 0x00000000a5800000, 0x00000000a5800000| Untracked 
|  89|0x00000000a5900000, 0x00000000a5a00000, 0x00000000a5a00000|100%| O|  |TAMS 0x00000000a5900000, 0x00000000a5900000| Untracked 
|  90|0x00000000a5a00000, 0x00000000a5b00000, 0x00000000a5b00000|100%| O|  |TAMS 0x00000000a5a00000, 0x00000000a5a00000| Untracked 
|  91|0x00000000a5b00000, 0x00000000a5c00000, 0x00000000a5c00000|100%| O|  |TAMS 0x00000000a5b00000, 0x00000000a5b00000| Untracked 
|  92|0x00000000a5c00000, 0x00000000a5d00000, 0x00000000a5d00000|100%| O|  |TAMS 0x00000000a5c00000, 0x00000000a5c00000| Untracked 
|  93|0x00000000a5d00000, 0x00000000a5e00000, 0x00000000a5e00000|100%|HS|  |TAMS 0x00000000a5d00000, 0x00000000a5d00000| Complete 
|  94|0x00000000a5e00000, 0x00000000a5f00000, 0x00000000a5f00000|100%|HS|  |TAMS 0x00000000a5e00000, 0x00000000a5e00000| Complete 
|  95|0x00000000a5f00000, 0x00000000a6000000, 0x00000000a6000000|100%| O|  |TAMS 0x00000000a5f00000, 0x00000000a5f00000| Untracked 
|  96|0x00000000a6000000, 0x00000000a6100000, 0x00000000a6100000|100%| O|  |TAMS 0x00000000a6000000, 0x00000000a6000000| Untracked 
|  97|0x00000000a6100000, 0x00000000a6200000, 0x00000000a6200000|100%| O|  |TAMS 0x00000000a6100000, 0x00000000a6100000| Untracked 
|  98|0x00000000a6200000, 0x00000000a6300000, 0x00000000a6300000|100%| O|  |TAMS 0x00000000a6200000, 0x00000000a6200000| Untracked 
|  99|0x00000000a6300000, 0x00000000a6400000, 0x00000000a6400000|100%| O|  |TAMS 0x00000000a6300000, 0x00000000a6300000| Untracked 
| 100|0x00000000a6400000, 0x00000000a6500000, 0x00000000a6500000|100%| O|  |TAMS 0x00000000a6400000, 0x00000000a6400000| Untracked 
| 101|0x00000000a6500000, 0x00000000a6600000, 0x00000000a6600000|100%| O|  |TAMS 0x00000000a6500000, 0x00000000a6500000| Untracked 
| 102|0x00000000a6600000, 0x00000000a6700000, 0x00000000a6700000|100%| O|  |TAMS 0x00000000a6600000, 0x00000000a6600000| Untracked 
| 103|0x00000000a6700000, 0x00000000a6800000, 0x00000000a6800000|100%| O|  |TAMS 0x00000000a6700000, 0x00000000a6700000| Untracked 
| 104|0x00000000a6800000, 0x00000000a6900000, 0x00000000a6900000|100%| O|  |TAMS 0x00000000a6800000, 0x00000000a6800000| Untracked 
| 105|0x00000000a6900000, 0x00000000a6a00000, 0x00000000a6a00000|100%|HS|  |TAMS 0x00000000a6900000, 0x00000000a6900000| Complete 
| 106|0x00000000a6a00000, 0x00000000a6b00000, 0x00000000a6b00000|100%|HS|  |TAMS 0x00000000a6a00000, 0x00000000a6a00000| Complete 
| 107|0x00000000a6b00000, 0x00000000a6c00000, 0x00000000a6c00000|100%| O|  |TAMS 0x00000000a6b00000, 0x00000000a6b00000| Untracked 
| 108|0x00000000a6c00000, 0x00000000a6d00000, 0x00000000a6d00000|100%| O|  |TAMS 0x00000000a6c00000, 0x00000000a6c00000| Untracked 
| 109|0x00000000a6d00000, 0x00000000a6e00000, 0x00000000a6e00000|100%| O|  |TAMS 0x00000000a6d00000, 0x00000000a6d00000| Untracked 
| 110|0x00000000a6e00000, 0x00000000a6f00000, 0x00000000a6f00000|100%| O|  |TAMS 0x00000000a6e00000, 0x00000000a6e00000| Untracked 
| 111|0x00000000a6f00000, 0x00000000a7000000, 0x00000000a7000000|100%| O|  |TAMS 0x00000000a6f00000, 0x00000000a6f00000| Untracked 
| 112|0x00000000a7000000, 0x00000000a7100000, 0x00000000a7100000|100%| O|  |TAMS 0x00000000a7000000, 0x00000000a7000000| Untracked 
| 113|0x00000000a7100000, 0x00000000a7200000, 0x00000000a7200000|100%| O|  |TAMS 0x00000000a7100000, 0x00000000a7100000| Untracked 
| 114|0x00000000a7200000, 0x00000000a7300000, 0x00000000a7300000|100%| O|  |TAMS 0x00000000a7200000, 0x00000000a7200000| Untracked 
| 115|0x00000000a7300000, 0x00000000a7400000, 0x00000000a7400000|100%| O|  |TAMS 0x00000000a7300000, 0x00000000a7300000| Untracked 
| 116|0x00000000a7400000, 0x00000000a7500000, 0x00000000a7500000|100%| O|  |TAMS 0x00000000a7400000, 0x00000000a7400000| Untracked 
| 117|0x00000000a7500000, 0x00000000a7600000, 0x00000000a7600000|100%| O|  |TAMS 0x00000000a7500000, 0x00000000a7500000| Untracked 
| 118|0x00000000a7600000, 0x00000000a7700000, 0x00000000a7700000|100%| O|  |TAMS 0x00000000a7600000, 0x00000000a7600000| Untracked 
| 119|0x00000000a7700000, 0x00000000a7800000, 0x00000000a7800000|100%| O|  |TAMS 0x00000000a7700000, 0x00000000a7700000| Untracked 
| 120|0x00000000a7800000, 0x00000000a7900000, 0x00000000a7900000|100%| O|  |TAMS 0x00000000a7800000, 0x00000000a7800000| Untracked 
| 121|0x00000000a7900000, 0x00000000a7a00000, 0x00000000a7a00000|100%| O|  |TAMS 0x00000000a7900000, 0x00000000a7900000| Untracked 
| 122|0x00000000a7a00000, 0x00000000a7b00000, 0x00000000a7b00000|100%| O|  |TAMS 0x00000000a7a00000, 0x00000000a7a00000| Untracked 
| 123|0x00000000a7b00000, 0x00000000a7c00000, 0x00000000a7c00000|100%| O|  |TAMS 0x00000000a7b00000, 0x00000000a7b00000| Untracked 
| 124|0x00000000a7c00000, 0x00000000a7d00000, 0x00000000a7d00000|100%| O|  |TAMS 0x00000000a7c00000, 0x00000000a7c00000| Untracked 
| 125|0x00000000a7d00000, 0x00000000a7e00000, 0x00000000a7e00000|100%| O|  |TAMS 0x00000000a7d00000, 0x00000000a7d00000| Untracked 
| 126|0x00000000a7e00000, 0x00000000a7f00000, 0x00000000a7f00000|100%| O|  |TAMS 0x00000000a7e00000, 0x00000000a7e00000| Untracked 
| 127|0x00000000a7f00000, 0x00000000a8000000, 0x00000000a8000000|100%| O|  |TAMS 0x00000000a7f00000, 0x00000000a7f00000| Untracked 
| 128|0x00000000a8000000, 0x00000000a8100000, 0x00000000a8100000|100%| O|  |TAMS 0x00000000a8000000, 0x00000000a8000000| Untracked 
| 129|0x00000000a8100000, 0x00000000a8200000, 0x00000000a8200000|100%| O|  |TAMS 0x00000000a8100000, 0x00000000a8100000| Untracked 
| 130|0x00000000a8200000, 0x00000000a8300000, 0x00000000a8300000|100%| O|  |TAMS 0x00000000a8200000, 0x00000000a8200000| Untracked 
| 131|0x00000000a8300000, 0x00000000a8400000, 0x00000000a8400000|100%| O|  |TAMS 0x00000000a8300000, 0x00000000a8300000| Untracked 
| 132|0x00000000a8400000, 0x00000000a8500000, 0x00000000a8500000|100%| O|  |TAMS 0x00000000a8400000, 0x00000000a8400000| Untracked 
| 133|0x00000000a8500000, 0x00000000a8600000, 0x00000000a8600000|100%| O|  |TAMS 0x00000000a8500000, 0x00000000a8500000| Untracked 
| 134|0x00000000a8600000, 0x00000000a8700000, 0x00000000a8700000|100%| O|  |TAMS 0x00000000a8600000, 0x00000000a8600000| Untracked 
| 135|0x00000000a8700000, 0x00000000a8800000, 0x00000000a8800000|100%| O|  |TAMS 0x00000000a8700000, 0x00000000a8700000| Untracked 
| 136|0x00000000a8800000, 0x00000000a8900000, 0x00000000a8900000|100%| O|  |TAMS 0x00000000a8800000, 0x00000000a8800000| Untracked 
| 137|0x00000000a8900000, 0x00000000a8a00000, 0x00000000a8a00000|100%| O|  |TAMS 0x00000000a8900000, 0x00000000a8900000| Untracked 
| 138|0x00000000a8a00000, 0x00000000a8b00000, 0x00000000a8b00000|100%| O|  |TAMS 0x00000000a8a00000, 0x00000000a8a00000| Untracked 
| 139|0x00000000a8b00000, 0x00000000a8c00000, 0x00000000a8c00000|100%| O|  |TAMS 0x00000000a8b00000, 0x00000000a8b00000| Untracked 
| 140|0x00000000a8c00000, 0x00000000a8d00000, 0x00000000a8d00000|100%| O|  |TAMS 0x00000000a8c00000, 0x00000000a8c00000| Untracked 
| 141|0x00000000a8d00000, 0x00000000a8e00000, 0x00000000a8e00000|100%| O|  |TAMS 0x00000000a8d00000, 0x00000000a8d00000| Untracked 
| 142|0x00000000a8e00000, 0x00000000a8f00000, 0x00000000a8f00000|100%| O|  |TAMS 0x00000000a8e00000, 0x00000000a8e00000| Untracked 
| 143|0x00000000a8f00000, 0x00000000a9000000, 0x00000000a9000000|100%| O|  |TAMS 0x00000000a8f00000, 0x00000000a8f00000| Untracked 
| 144|0x00000000a9000000, 0x00000000a9100000, 0x00000000a9100000|100%| O|  |TAMS 0x00000000a9000000, 0x00000000a9000000| Untracked 
| 145|0x00000000a9100000, 0x00000000a9200000, 0x00000000a9200000|100%| O|  |TAMS 0x00000000a9100000, 0x00000000a9100000| Untracked 
| 146|0x00000000a9200000, 0x00000000a9300000, 0x00000000a9300000|100%| O|  |TAMS 0x00000000a9200000, 0x00000000a9200000| Untracked 
| 147|0x00000000a9300000, 0x00000000a9400000, 0x00000000a9400000|100%| O|  |TAMS 0x00000000a9300000, 0x00000000a9300000| Untracked 
| 148|0x00000000a9400000, 0x00000000a9500000, 0x00000000a9500000|100%| O|  |TAMS 0x00000000a9400000, 0x00000000a9400000| Untracked 
| 149|0x00000000a9500000, 0x00000000a9600000, 0x00000000a9600000|100%| O|  |TAMS 0x00000000a9500000, 0x00000000a9500000| Untracked 
| 150|0x00000000a9600000, 0x00000000a9700000, 0x00000000a9700000|100%| O|  |TAMS 0x00000000a9600000, 0x00000000a9600000| Untracked 
| 151|0x00000000a9700000, 0x00000000a9800000, 0x00000000a9800000|100%| O|  |TAMS 0x00000000a9700000, 0x00000000a9700000| Untracked 
| 152|0x00000000a9800000, 0x00000000a9900000, 0x00000000a9900000|100%| O|  |TAMS 0x00000000a9800000, 0x00000000a9800000| Untracked 
| 153|0x00000000a9900000, 0x00000000a9a00000, 0x00000000a9a00000|100%| O|  |TAMS 0x00000000a9900000, 0x00000000a9900000| Untracked 
| 154|0x00000000a9a00000, 0x00000000a9b00000, 0x00000000a9b00000|100%| O|  |TAMS 0x00000000a9a00000, 0x00000000a9a00000| Untracked 
| 155|0x00000000a9b00000, 0x00000000a9c00000, 0x00000000a9c00000|100%| O|  |TAMS 0x00000000a9b00000, 0x00000000a9b00000| Untracked 
| 156|0x00000000a9c00000, 0x00000000a9d00000, 0x00000000a9d00000|100%| O|  |TAMS 0x00000000a9c00000, 0x00000000a9c00000| Untracked 
| 157|0x00000000a9d00000, 0x00000000a9e00000, 0x00000000a9e00000|100%| O|  |TAMS 0x00000000a9d00000, 0x00000000a9d00000| Untracked 
| 158|0x00000000a9e00000, 0x00000000a9f00000, 0x00000000a9f00000|100%| O|  |TAMS 0x00000000a9e00000, 0x00000000a9e00000| Untracked 
| 159|0x00000000a9f00000, 0x00000000aa000000, 0x00000000aa000000|100%| O|  |TAMS 0x00000000a9f00000, 0x00000000a9f00000| Untracked 
| 160|0x00000000aa000000, 0x00000000aa100000, 0x00000000aa100000|100%| O|  |TAMS 0x00000000aa000000, 0x00000000aa000000| Untracked 
| 161|0x00000000aa100000, 0x00000000aa200000, 0x00000000aa200000|100%| O|  |TAMS 0x00000000aa100000, 0x00000000aa100000| Untracked 
| 162|0x00000000aa200000, 0x00000000aa300000, 0x00000000aa300000|100%| O|  |TAMS 0x00000000aa200000, 0x00000000aa200000| Untracked 
| 163|0x00000000aa300000, 0x00000000aa400000, 0x00000000aa400000|100%| O|  |TAMS 0x00000000aa300000, 0x00000000aa300000| Untracked 
| 164|0x00000000aa400000, 0x00000000aa500000, 0x00000000aa500000|100%| O|  |TAMS 0x00000000aa400000, 0x00000000aa400000| Untracked 
| 165|0x00000000aa500000, 0x00000000aa54ae00, 0x00000000aa600000| 29%| O|  |TAMS 0x00000000aa500000, 0x00000000aa500000| Untracked 
| 166|0x00000000aa600000, 0x00000000aa600000, 0x00000000aa700000|  0%| F|  |TAMS 0x00000000aa600000, 0x00000000aa600000| Untracked 
| 167|0x00000000aa700000, 0x00000000aa700000, 0x00000000aa800000|  0%| F|  |TAMS 0x00000000aa700000, 0x00000000aa700000| Untracked 
| 168|0x00000000aa800000, 0x00000000aa800000, 0x00000000aa900000|  0%| F|  |TAMS 0x00000000aa800000, 0x00000000aa800000| Untracked 
| 169|0x00000000aa900000, 0x00000000aa900000, 0x00000000aaa00000|  0%| F|  |TAMS 0x00000000aa900000, 0x00000000aa900000| Untracked 
| 170|0x00000000aaa00000, 0x00000000aaa00000, 0x00000000aab00000|  0%| F|  |TAMS 0x00000000aaa00000, 0x00000000aaa00000| Untracked 
| 171|0x00000000aab00000, 0x00000000aab00000, 0x00000000aac00000|  0%| F|  |TAMS 0x00000000aab00000, 0x00000000aab00000| Untracked 
| 172|0x00000000aac00000, 0x00000000aac00000, 0x00000000aad00000|  0%| F|  |TAMS 0x00000000aac00000, 0x00000000aac00000| Untracked 
| 173|0x00000000aad00000, 0x00000000aad00000, 0x00000000aae00000|  0%| F|  |TAMS 0x00000000aad00000, 0x00000000aad00000| Untracked 
| 174|0x00000000aae00000, 0x00000000aae00000, 0x00000000aaf00000|  0%| F|  |TAMS 0x00000000aae00000, 0x00000000aae00000| Untracked 
| 175|0x00000000aaf00000, 0x00000000aaf00000, 0x00000000ab000000|  0%| F|  |TAMS 0x00000000aaf00000, 0x00000000aaf00000| Untracked 
| 176|0x00000000ab000000, 0x00000000ab000000, 0x00000000ab100000|  0%| F|  |TAMS 0x00000000ab000000, 0x00000000ab000000| Untracked 
| 177|0x00000000ab100000, 0x00000000ab100000, 0x00000000ab200000|  0%| F|  |TAMS 0x00000000ab100000, 0x00000000ab100000| Untracked 
| 178|0x00000000ab200000, 0x00000000ab200000, 0x00000000ab300000|  0%| F|  |TAMS 0x00000000ab200000, 0x00000000ab200000| Untracked 
| 179|0x00000000ab300000, 0x00000000ab300000, 0x00000000ab400000|  0%| F|  |TAMS 0x00000000ab300000, 0x00000000ab300000| Untracked 
| 180|0x00000000ab400000, 0x00000000ab400000, 0x00000000ab500000|  0%| F|  |TAMS 0x00000000ab400000, 0x00000000ab400000| Untracked 
| 181|0x00000000ab500000, 0x00000000ab500000, 0x00000000ab600000|  0%| F|  |TAMS 0x00000000ab500000, 0x00000000ab500000| Untracked 
| 182|0x00000000ab600000, 0x00000000ab600000, 0x00000000ab700000|  0%| F|  |TAMS 0x00000000ab600000, 0x00000000ab600000| Untracked 
| 183|0x00000000ab700000, 0x00000000ab700000, 0x00000000ab800000|  0%| F|  |TAMS 0x00000000ab700000, 0x00000000ab700000| Untracked 
| 184|0x00000000ab800000, 0x00000000ab800000, 0x00000000ab900000|  0%| F|  |TAMS 0x00000000ab800000, 0x00000000ab800000| Untracked 
| 185|0x00000000ab900000, 0x00000000ab900000, 0x00000000aba00000|  0%| F|  |TAMS 0x00000000ab900000, 0x00000000ab900000| Untracked 
| 186|0x00000000aba00000, 0x00000000aba00000, 0x00000000abb00000|  0%| F|  |TAMS 0x00000000aba00000, 0x00000000aba00000| Untracked 
| 187|0x00000000abb00000, 0x00000000abb00000, 0x00000000abc00000|  0%| F|  |TAMS 0x00000000abb00000, 0x00000000abb00000| Untracked 
| 188|0x00000000abc00000, 0x00000000abc00000, 0x00000000abd00000|  0%| F|  |TAMS 0x00000000abc00000, 0x00000000abc00000| Untracked 
| 189|0x00000000abd00000, 0x00000000abd00000, 0x00000000abe00000|  0%| F|  |TAMS 0x00000000abd00000, 0x00000000abd00000| Untracked 
| 190|0x00000000abe00000, 0x00000000abe00000, 0x00000000abf00000|  0%| F|  |TAMS 0x00000000abe00000, 0x00000000abe00000| Untracked 
| 191|0x00000000abf00000, 0x00000000abf00000, 0x00000000ac000000|  0%| F|  |TAMS 0x00000000abf00000, 0x00000000abf00000| Untracked 
| 192|0x00000000ac000000, 0x00000000ac000000, 0x00000000ac100000|  0%| F|  |TAMS 0x00000000ac000000, 0x00000000ac000000| Untracked 
| 193|0x00000000ac100000, 0x00000000ac100000, 0x00000000ac200000|  0%| F|  |TAMS 0x00000000ac100000, 0x00000000ac100000| Untracked 
| 194|0x00000000ac200000, 0x00000000ac200000, 0x00000000ac300000|  0%| F|  |TAMS 0x00000000ac200000, 0x00000000ac200000| Untracked 
| 195|0x00000000ac300000, 0x00000000ac380eb0, 0x00000000ac400000| 50%| S|CS|TAMS 0x00000000ac300000, 0x00000000ac300000| Complete 
| 196|0x00000000ac400000, 0x00000000ac500000, 0x00000000ac500000|100%| S|CS|TAMS 0x00000000ac400000, 0x00000000ac400000| Complete 
| 197|0x00000000ac500000, 0x00000000ac600000, 0x00000000ac600000|100%| S|CS|TAMS 0x00000000ac500000, 0x00000000ac500000| Complete 
| 198|0x00000000ac600000, 0x00000000ac600000, 0x00000000ac700000|  0%| F|  |TAMS 0x00000000ac600000, 0x00000000ac600000| Untracked 
| 199|0x00000000ac700000, 0x00000000ac700000, 0x00000000ac800000|  0%| F|  |TAMS 0x00000000ac700000, 0x00000000ac700000| Untracked 
| 200|0x00000000ac800000, 0x00000000ac800000, 0x00000000ac900000|  0%| F|  |TAMS 0x00000000ac800000, 0x00000000ac800000| Untracked 
| 201|0x00000000ac900000, 0x00000000aca00000, 0x00000000aca00000|100%| S|CS|TAMS 0x00000000ac900000, 0x00000000ac900000| Complete 
| 202|0x00000000aca00000, 0x00000000acb00000, 0x00000000acb00000|100%| S|CS|TAMS 0x00000000aca00000, 0x00000000aca00000| Complete 
| 203|0x00000000acb00000, 0x00000000acb00000, 0x00000000acc00000|  0%| F|  |TAMS 0x00000000acb00000, 0x00000000acb00000| Untracked 
| 204|0x00000000acc00000, 0x00000000acc00000, 0x00000000acd00000|  0%| F|  |TAMS 0x00000000acc00000, 0x00000000acc00000| Untracked 
| 205|0x00000000acd00000, 0x00000000acd00000, 0x00000000ace00000|  0%| F|  |TAMS 0x00000000acd00000, 0x00000000acd00000| Untracked 
| 206|0x00000000ace00000, 0x00000000ace00000, 0x00000000acf00000|  0%| F|  |TAMS 0x00000000ace00000, 0x00000000ace00000| Untracked 
| 207|0x00000000acf00000, 0x00000000acf00000, 0x00000000ad000000|  0%| F|  |TAMS 0x00000000acf00000, 0x00000000acf00000| Untracked 
| 208|0x00000000ad000000, 0x00000000ad000000, 0x00000000ad100000|  0%| F|  |TAMS 0x00000000ad000000, 0x00000000ad000000| Untracked 
| 209|0x00000000ad100000, 0x00000000ad100000, 0x00000000ad200000|  0%| F|  |TAMS 0x00000000ad100000, 0x00000000ad100000| Untracked 
| 210|0x00000000ad200000, 0x00000000ad200000, 0x00000000ad300000|  0%| F|  |TAMS 0x00000000ad200000, 0x00000000ad200000| Untracked 
| 211|0x00000000ad300000, 0x00000000ad300000, 0x00000000ad400000|  0%| F|  |TAMS 0x00000000ad300000, 0x00000000ad300000| Untracked 
| 212|0x00000000ad400000, 0x00000000ad400000, 0x00000000ad500000|  0%| F|  |TAMS 0x00000000ad400000, 0x00000000ad400000| Untracked 
| 213|0x00000000ad500000, 0x00000000ad500000, 0x00000000ad600000|  0%| F|  |TAMS 0x00000000ad500000, 0x00000000ad500000| Untracked 
| 214|0x00000000ad600000, 0x00000000ad600000, 0x00000000ad700000|  0%| F|  |TAMS 0x00000000ad600000, 0x00000000ad600000| Untracked 
| 215|0x00000000ad700000, 0x00000000ad700000, 0x00000000ad800000|  0%| F|  |TAMS 0x00000000ad700000, 0x00000000ad700000| Untracked 
| 216|0x00000000ad800000, 0x00000000ad800000, 0x00000000ad900000|  0%| F|  |TAMS 0x00000000ad800000, 0x00000000ad800000| Untracked 
| 217|0x00000000ad900000, 0x00000000ad900000, 0x00000000ada00000|  0%| F|  |TAMS 0x00000000ad900000, 0x00000000ad900000| Untracked 
| 218|0x00000000ada00000, 0x00000000ada00000, 0x00000000adb00000|  0%| F|  |TAMS 0x00000000ada00000, 0x00000000ada00000| Untracked 
| 219|0x00000000adb00000, 0x00000000adb00000, 0x00000000adc00000|  0%| F|  |TAMS 0x00000000adb00000, 0x00000000adb00000| Untracked 
| 220|0x00000000adc00000, 0x00000000adc00000, 0x00000000add00000|  0%| F|  |TAMS 0x00000000adc00000, 0x00000000adc00000| Untracked 
| 221|0x00000000add00000, 0x00000000add00000, 0x00000000ade00000|  0%| F|  |TAMS 0x00000000add00000, 0x00000000add00000| Untracked 
| 222|0x00000000ade00000, 0x00000000ade00000, 0x00000000adf00000|  0%| F|  |TAMS 0x00000000ade00000, 0x00000000ade00000| Untracked 
| 223|0x00000000adf00000, 0x00000000adf00000, 0x00000000ae000000|  0%| F|  |TAMS 0x00000000adf00000, 0x00000000adf00000| Untracked 
| 224|0x00000000ae000000, 0x00000000ae000000, 0x00000000ae100000|  0%| F|  |TAMS 0x00000000ae000000, 0x00000000ae000000| Untracked 
| 225|0x00000000ae100000, 0x00000000ae17ab88, 0x00000000ae200000| 47%| E|  |TAMS 0x00000000ae100000, 0x00000000ae100000| Complete 
| 226|0x00000000ae200000, 0x00000000ae300000, 0x00000000ae300000|100%| E|CS|TAMS 0x00000000ae200000, 0x00000000ae200000| Complete 
| 227|0x00000000ae300000, 0x00000000ae400000, 0x00000000ae400000|100%| E|CS|TAMS 0x00000000ae300000, 0x00000000ae300000| Complete 
| 228|0x00000000ae400000, 0x00000000ae500000, 0x00000000ae500000|100%| E|CS|TAMS 0x00000000ae400000, 0x00000000ae400000| Complete 
| 229|0x00000000ae500000, 0x00000000ae600000, 0x00000000ae600000|100%| E|CS|TAMS 0x00000000ae500000, 0x00000000ae500000| Complete 
| 230|0x00000000ae600000, 0x00000000ae700000, 0x00000000ae700000|100%| E|CS|TAMS 0x00000000ae600000, 0x00000000ae600000| Complete 
| 231|0x00000000ae700000, 0x00000000ae800000, 0x00000000ae800000|100%| E|CS|TAMS 0x00000000ae700000, 0x00000000ae700000| Complete 
| 232|0x00000000ae800000, 0x00000000ae900000, 0x00000000ae900000|100%| E|CS|TAMS 0x00000000ae800000, 0x00000000ae800000| Complete 
| 233|0x00000000ae900000, 0x00000000aea00000, 0x00000000aea00000|100%| E|CS|TAMS 0x00000000ae900000, 0x00000000ae900000| Complete 
| 234|0x00000000aea00000, 0x00000000aeb00000, 0x00000000aeb00000|100%| E|CS|TAMS 0x00000000aea00000, 0x00000000aea00000| Complete 
| 235|0x00000000aeb00000, 0x00000000aec00000, 0x00000000aec00000|100%| E|CS|TAMS 0x00000000aeb00000, 0x00000000aeb00000| Complete 
| 236|0x00000000aec00000, 0x00000000aed00000, 0x00000000aed00000|100%| E|CS|TAMS 0x00000000aec00000, 0x00000000aec00000| Complete 
| 237|0x00000000aed00000, 0x00000000aee00000, 0x00000000aee00000|100%| E|CS|TAMS 0x00000000aed00000, 0x00000000aed00000| Complete 

Card table byte_map: [0x0000019e7fc40000,0x0000019e7ff40000] _byte_map_base: 0x0000019e7f740000

Marking Bits (Prev, Next): (CMBitMap*) 0x0000019e7c4bb980, (CMBitMap*) 0x0000019e7c4bb9c0
 Prev Bits: [0x0000019e0f300000, 0x0000019e10b00000)
 Next Bits: [0x0000019e10b00000, 0x0000019e12300000)

Polling page: 0x0000019e7bc40000

Metaspace:

Usage:
  Non-class:     88.14 MB used.
      Class:     13.98 MB used.
       Both:    102.12 MB used.

Virtual space:
  Non-class space:       96.00 MB reserved,      88.81 MB ( 93%) committed,  12 nodes.
      Class space:        1.00 GB reserved,      14.50 MB (  1%) committed,  1 nodes.
             Both:        1.09 GB reserved,     103.31 MB (  9%) committed. 

Chunk freelists:
   Non-Class:  2.66 MB
       Class:  1.45 MB
        Both:  4.11 MB

MaxMetaspaceSize: unlimited
CompressedClassSpaceSize: 1.00 GB
Initial GC threshold: 21.00 MB
Current GC threshold: 147.62 MB
CDS: off
MetaspaceReclaimPolicy: balanced
 - commit_granule_bytes: 65536.
 - commit_granule_words: 8192.
 - virtual_space_node_default_size: 1048576.
 - enlarge_chunks_in_place: 1.
 - new_chunks_are_fully_committed: 0.
 - uncommit_free_chunks: 1.
 - use_allocation_guard: 0.
 - handle_deallocations: 1.


Internal statistics:

num_allocs_failed_limit: 9.
num_arena_births: 1508.
num_arena_deaths: 0.
num_vsnodes_births: 13.
num_vsnodes_deaths: 0.
num_space_committed: 1653.
num_space_uncommitted: 0.
num_chunks_returned_to_freelist: 9.
num_chunks_taken_from_freelist: 5776.
num_chunk_merges: 3.
num_chunk_splits: 3615.
num_chunks_enlarged: 2223.
num_purges: 0.
num_inconsistent_stats: 0.

CodeHeap 'non-profiled nmethods': size=120000Kb used=9227Kb max_used=9227Kb free=110772Kb
 bounds [0x0000019e07ad0000, 0x0000019e083e0000, 0x0000019e0f000000]
CodeHeap 'profiled nmethods': size=120000Kb used=25557Kb max_used=25557Kb free=94442Kb
 bounds [0x0000019e00000000, 0x0000019e01900000, 0x0000019e07530000]
CodeHeap 'non-nmethods': size=5760Kb used=2400Kb max_used=2455Kb free=3359Kb
 bounds [0x0000019e07530000, 0x0000019e077b0000, 0x0000019e07ad0000]
 total_blobs=14401 nmethods=13465 adapters=847
 compilation: enabled
              stopped_count=0, restarted_count=0
 full_count=0

Compilation events (20 events):
Event: 161.401 Thread 0x0000019e14820ae0 nmethod 15960 0x0000019e018ebf10 code [0x0000019e018ec0e0, 0x0000019e018ec4b8]
Event: 161.403 Thread 0x0000019e14820ae0 15962       3       org.gradle.internal.typeconversion.CharSequenceNotationConverter::convert (29 bytes)
Event: 161.404 Thread 0x0000019e14820ae0 nmethod 15962 0x0000019e018ec610 code [0x0000019e018ec7e0, 0x0000019e018eccd8]
Event: 161.404 Thread 0x0000019e14820ae0 15963       1       org.gradle.api.internal.artifacts.dependencies.DefaultMutableVersionConstraint::getRequiredVersion (5 bytes)
Event: 161.404 Thread 0x0000019e14820ae0 nmethod 15963 0x0000019e083cb610 code [0x0000019e083cb7a0, 0x0000019e083cb878]
Event: 161.404 Thread 0x0000019e14820ae0 15964       1       org.gradle.api.internal.artifacts.dependencies.DefaultMutableVersionConstraint::getPreferredVersion (5 bytes)
Event: 161.404 Thread 0x0000019e14820ae0 nmethod 15964 0x0000019e083cb910 code [0x0000019e083cbaa0, 0x0000019e083cbb78]
Event: 161.405 Thread 0x0000019e14820ae0 15965       1       org.gradle.api.internal.artifacts.dependencies.DefaultMutableVersionConstraint::getStrictVersion (5 bytes)
Event: 161.405 Thread 0x0000019e14820ae0 nmethod 15965 0x0000019e083cbc10 code [0x0000019e083cbda0, 0x0000019e083cbe78]
Event: 161.405 Thread 0x0000019e14820ae0 15966       1       org.gradle.api.internal.artifacts.dependencies.DefaultMutableVersionConstraint::getRejectedVersions (5 bytes)
Event: 161.405 Thread 0x0000019e14820ae0 nmethod 15966 0x0000019e083cbf10 code [0x0000019e083cc0a0, 0x0000019e083cc178]
Event: 161.405 Thread 0x0000019e14820ae0 15967       1       org.gradle.api.internal.artifacts.dependencies.DefaultMutableVersionConstraint::getBranch (5 bytes)
Event: 161.405 Thread 0x0000019e14820ae0 nmethod 15967 0x0000019e083cc210 code [0x0000019e083cc3a0, 0x0000019e083cc478]
Event: 161.405 Thread 0x0000019e14820ae0 15968       1       org.gradle.api.internal.artifacts.dsl.dependencies.DefaultDependencyHandler::getConstraints (5 bytes)
Event: 161.405 Thread 0x0000019e14820ae0 nmethod 15968 0x0000019e083cc510 code [0x0000019e083cc6a0, 0x0000019e083cc778]
Event: 161.405 Thread 0x0000019e14820ae0 15969       1       org.gradle.api.internal.artifacts.dependencies.DefaultDependencyConstraint::setAttributesFactory (6 bytes)
Event: 161.406 Thread 0x0000019e14820ae0 nmethod 15969 0x0000019e083cc810 code [0x0000019e083cc9a0, 0x0000019e083ccab8]
Event: 161.406 Thread 0x0000019e14820ae0 15970       1       org.gradle.api.internal.artifacts.dependencies.DefaultDependencyConstraint::because (6 bytes)
Event: 161.406 Thread 0x0000019e14820ae0 nmethod 15970 0x0000019e083ccb10 code [0x0000019e083ccca0, 0x0000019e083ccdb8]
Event: 161.408 Thread 0x0000019e14820ae0 15972       3       org.gradle.api.internal.notations.DependencyStringNotationConverter::convert (10 bytes)

GC Heap History (20 events):
Event: 78.155 GC heap before
{Heap before GC invocations=69 (full 0):
 garbage-first heap   total 202752K, used 166928K [0x00000000a0000000, 0x0000000100000000)
  region size 1024K, 30 young (30720K), 5 survivors (5120K)
 Metaspace       used 99896K, committed 100992K, reserved 1138688K
  class space    used 13751K, committed 14208K, reserved 1048576K
}
Event: 78.190 GC heap after
{Heap after GC invocations=70 (full 0):
 garbage-first heap   total 202752K, used 148866K [0x00000000a0000000, 0x0000000100000000)
  region size 1024K, 4 young (4096K), 4 survivors (4096K)
 Metaspace       used 99896K, committed 100992K, reserved 1138688K
  class space    used 13751K, committed 14208K, reserved 1048576K
}
Event: 78.831 GC heap before
{Heap before GC invocations=70 (full 0):
 garbage-first heap   total 202752K, used 169346K [0x00000000a0000000, 0x0000000100000000)
  region size 1024K, 24 young (24576K), 4 survivors (4096K)
 Metaspace       used 100184K, committed 101248K, reserved 1138688K
  class space    used 13782K, committed 14208K, reserved 1048576K
}
Event: 78.859 GC heap after
{Heap after GC invocations=71 (full 0):
 garbage-first heap   total 202752K, used 155328K [0x00000000a0000000, 0x0000000100000000)
  region size 1024K, 3 young (3072K), 3 survivors (3072K)
 Metaspace       used 100184K, committed 101248K, reserved 1138688K
  class space    used 13782K, committed 14208K, reserved 1048576K
}
Event: 79.428 GC heap before
{Heap before GC invocations=71 (full 0):
 garbage-first heap   total 202752K, used 170688K [0x00000000a0000000, 0x0000000100000000)
  region size 1024K, 18 young (18432K), 3 survivors (3072K)
 Metaspace       used 100462K, committed 101504K, reserved 1138688K
  class space    used 13814K, committed 14272K, reserved 1048576K
}
Event: 79.448 GC heap after
{Heap after GC invocations=72 (full 0):
 garbage-first heap   total 202752K, used 158715K [0x00000000a0000000, 0x0000000100000000)
  region size 1024K, 3 young (3072K), 3 survivors (3072K)
 Metaspace       used 100462K, committed 101504K, reserved 1138688K
  class space    used 13814K, committed 14272K, reserved 1048576K
}
Event: 79.838 GC heap before
{Heap before GC invocations=72 (full 0):
 garbage-first heap   total 202752K, used 172027K [0x00000000a0000000, 0x0000000100000000)
  region size 1024K, 16 young (16384K), 3 survivors (3072K)
 Metaspace       used 100965K, committed 102016K, reserved 1138688K
  class space    used 13890K, committed 14336K, reserved 1048576K
}
Event: 79.856 GC heap after
{Heap after GC invocations=73 (full 0):
 garbage-first heap   total 202752K, used 159915K [0x00000000a0000000, 0x0000000100000000)
  region size 1024K, 2 young (2048K), 2 survivors (2048K)
 Metaspace       used 100965K, committed 102016K, reserved 1138688K
  class space    used 13890K, committed 14336K, reserved 1048576K
}
Event: 80.523 GC heap before
{Heap before GC invocations=73 (full 0):
 garbage-first heap   total 202752K, used 174251K [0x00000000a0000000, 0x0000000100000000)
  region size 1024K, 16 young (16384K), 2 survivors (2048K)
 Metaspace       used 101231K, committed 102336K, reserved 1138688K
  class space    used 13933K, committed 14400K, reserved 1048576K
}
Event: 80.543 GC heap after
{Heap after GC invocations=74 (full 0):
 garbage-first heap   total 243712K, used 163361K [0x00000000a0000000, 0x0000000100000000)
  region size 1024K, 2 young (2048K), 2 survivors (2048K)
 Metaspace       used 101231K, committed 102336K, reserved 1138688K
  class space    used 13933K, committed 14400K, reserved 1048576K
}
Event: 83.190 GC heap before
{Heap before GC invocations=74 (full 0):
 garbage-first heap   total 243712K, used 198177K [0x00000000a0000000, 0x0000000100000000)
  region size 1024K, 37 young (37888K), 2 survivors (2048K)
 Metaspace       used 101272K, committed 102336K, reserved 1138688K
  class space    used 13940K, committed 14400K, reserved 1048576K
}
Event: 83.202 GC heap after
{Heap after GC invocations=75 (full 0):
 garbage-first heap   total 243712K, used 164576K [0x00000000a0000000, 0x0000000100000000)
  region size 1024K, 5 young (5120K), 5 survivors (5120K)
 Metaspace       used 101272K, committed 102336K, reserved 1138688K
  class space    used 13940K, committed 14400K, reserved 1048576K
}
Event: 151.006 GC heap before
{Heap before GC invocations=75 (full 0):
 garbage-first heap   total 243712K, used 201440K [0x00000000a0000000, 0x0000000100000000)
  region size 1024K, 39 young (39936K), 5 survivors (5120K)
 Metaspace       used 102211K, committed 103360K, reserved 1138688K
  class space    used 14111K, committed 14592K, reserved 1048576K
}
Event: 151.167 GC heap after
{Heap after GC invocations=76 (full 0):
 garbage-first heap   total 243712K, used 167290K [0x00000000a0000000, 0x0000000100000000)
  region size 1024K, 5 young (5120K), 5 survivors (5120K)
 Metaspace       used 102211K, committed 103360K, reserved 1138688K
  class space    used 14111K, committed 14592K, reserved 1048576K
}
Event: 153.616 GC heap before
{Heap before GC invocations=76 (full 0):
 garbage-first heap   total 243712K, used 201081K [0x00000000a0000000, 0x0000000100000000)
  region size 1024K, 39 young (39936K), 5 survivors (5120K)
 Metaspace       used 102558K, committed 103744K, reserved 1138688K
  class space    used 14130K, committed 14592K, reserved 1048576K
}
Event: 153.658 GC heap after
{Heap after GC invocations=77 (full 0):
 garbage-first heap   total 243712K, used 169334K [0x00000000a0000000, 0x0000000100000000)
  region size 1024K, 2 young (2048K), 2 survivors (2048K)
 Metaspace       used 102558K, committed 103744K, reserved 1138688K
  class space    used 14130K, committed 14592K, reserved 1048576K
}
Event: 159.082 GC heap before
{Heap before GC invocations=77 (full 0):
 garbage-first heap   total 243712K, used 203126K [0x00000000a0000000, 0x0000000100000000)
  region size 1024K, 36 young (36864K), 2 survivors (2048K)
 Metaspace       used 104346K, committed 105600K, reserved 1146880K
  class space    used 14307K, committed 14848K, reserved 1048576K
}
Event: 159.118 GC heap after
{Heap after GC invocations=78 (full 0):
 garbage-first heap   total 243712K, used 171125K [0x00000000a0000000, 0x0000000100000000)
  region size 1024K, 4 young (4096K), 4 survivors (4096K)
 Metaspace       used 104346K, committed 105600K, reserved 1146880K
  class space    used 14307K, committed 14848K, reserved 1048576K
}
Event: 160.809 GC heap before
{Heap before GC invocations=78 (full 0):
 garbage-first heap   total 243712K, used 204917K [0x00000000a0000000, 0x0000000100000000)
  region size 1024K, 38 young (38912K), 4 survivors (4096K)
 Metaspace       used 104538K, committed 105792K, reserved 1146880K
  class space    used 14315K, committed 14848K, reserved 1048576K
}
Event: 160.841 GC heap after
{Heap after GC invocations=79 (full 0):
 garbage-first heap   total 243712K, used 173871K [0x00000000a0000000, 0x0000000100000000)
  region size 1024K, 5 young (5120K), 5 survivors (5120K)
 Metaspace       used 104538K, committed 105792K, reserved 1146880K
  class space    used 14315K, committed 14848K, reserved 1048576K
}

Dll operation events (2 events):
Event: 0.019 Loaded shared library C:\Program Files\Android\Android Studio\jbr\bin\java.dll
Event: 1.121 Loaded shared library C:\Program Files\Android\Android Studio\jbr\bin\verify.dll

Deoptimization events (20 events):
Event: 160.699 Thread 0x0000019e1986b610 DEOPT PACKING pc=0x0000019e083ab8a4 sp=0x0000007d28efb390
Event: 160.699 Thread 0x0000019e1986b610 DEOPT UNPACKING pc=0x0000019e075869a3 sp=0x0000007d28efb2b8 mode 2
Event: 160.699 Thread 0x0000019e1986b610 Uncommon trap: trap_request=0xffffffc6 fr.pc=0x0000019e083ab8a4 relative=0x0000000000000104
Event: 160.699 Thread 0x0000019e1986b610 Uncommon trap: reason=bimorphic_or_optimized_type_check action=maybe_recompile pc=0x0000019e083ab8a4 method=org.gradle.api.internal.artifacts.ivyservice.resolveengine.graph.builder.DependencyState.isDependencyForced()Z @ 17 c2
Event: 160.699 Thread 0x0000019e1986b610 DEOPT PACKING pc=0x0000019e083ab8a4 sp=0x0000007d28efaf60
Event: 160.699 Thread 0x0000019e1986b610 DEOPT UNPACKING pc=0x0000019e075869a3 sp=0x0000007d28efae88 mode 2
Event: 160.707 Thread 0x0000019e1986b610 Uncommon trap: trap_request=0xffffffc6 fr.pc=0x0000019e083ab8a4 relative=0x0000000000000104
Event: 160.707 Thread 0x0000019e1986b610 Uncommon trap: reason=bimorphic_or_optimized_type_check action=maybe_recompile pc=0x0000019e083ab8a4 method=org.gradle.api.internal.artifacts.ivyservice.resolveengine.graph.builder.DependencyState.isDependencyForced()Z @ 17 c2
Event: 160.707 Thread 0x0000019e1986b610 DEOPT PACKING pc=0x0000019e083ab8a4 sp=0x0000007d28efb390
Event: 160.707 Thread 0x0000019e1986b610 DEOPT UNPACKING pc=0x0000019e075869a3 sp=0x0000007d28efb2b8 mode 2
Event: 160.707 Thread 0x0000019e1986b610 Uncommon trap: trap_request=0xffffffc6 fr.pc=0x0000019e083ab8a4 relative=0x0000000000000104
Event: 160.707 Thread 0x0000019e1986b610 Uncommon trap: reason=bimorphic_or_optimized_type_check action=maybe_recompile pc=0x0000019e083ab8a4 method=org.gradle.api.internal.artifacts.ivyservice.resolveengine.graph.builder.DependencyState.isDependencyForced()Z @ 17 c2
Event: 160.707 Thread 0x0000019e1986b610 DEOPT PACKING pc=0x0000019e083ab8a4 sp=0x0000007d28efaf60
Event: 160.707 Thread 0x0000019e1986b610 DEOPT UNPACKING pc=0x0000019e075869a3 sp=0x0000007d28efae88 mode 2
Event: 161.273 Thread 0x0000019e1986b610 DEOPT PACKING pc=0x0000019e012c8f8f sp=0x0000007d28efbf40
Event: 161.274 Thread 0x0000019e1986b610 DEOPT UNPACKING pc=0x0000019e07587143 sp=0x0000007d28efb550 mode 0
Event: 161.395 Thread 0x0000019e1986b610 Uncommon trap: trap_request=0xffffffde fr.pc=0x0000019e080dd58c relative=0x000000000000492c
Event: 161.395 Thread 0x0000019e1986b610 Uncommon trap: reason=class_check action=maybe_recompile pc=0x0000019e080dd58c method=org.gradle.api.internal.artifacts.ivyservice.resolveengine.result.ResolvedVariantResultSerializer.writeCapabilities(Lorg/gradle/internal/serialize/Encoder;Ljava/util/Lis
Event: 161.395 Thread 0x0000019e1986b610 DEOPT PACKING pc=0x0000019e080dd58c sp=0x0000007d28efa2b0
Event: 161.395 Thread 0x0000019e1986b610 DEOPT UNPACKING pc=0x0000019e075869a3 sp=0x0000007d28efa240 mode 2

Classes unloaded (0 events):
No events

Classes redefined (0 events):
No events

Internal exceptions (20 events):
Event: 83.777 Thread 0x0000019e1986d2f0 Exception <a 'java/lang/ClassNotFoundException'{0x00000000ae095028}: org/gradle/process/internal/DefaultProcessForkOptionsBeanInfo> (0x00000000ae095028) 
thrown [s\src\hotspot\share\classfile\systemDictionary.cpp, line 256]
Event: 83.779 Thread 0x0000019e1986d2f0 Exception <a 'java/lang/ClassNotFoundException'{0x00000000ae0a74f8}: org/gradle/process/internal/DefaultProcessForkOptionsCustomizer> (0x00000000ae0a74f8) 
thrown [s\src\hotspot\share\classfile\systemDictionary.cpp, line 256]
Event: 83.784 Thread 0x0000019e1986d2f0 Exception <a 'java/lang/ClassNotFoundException'{0x00000000ae0c7268}: org/gradle/process/internal/AbstractExecHandleBuilderCustomizer> (0x00000000ae0c7268) 
thrown [s\src\hotspot\share\classfile\systemDictionary.cpp, line 256]
Event: 83.786 Thread 0x0000019e1986d2f0 Exception <a 'java/lang/ClassNotFoundException'{0x00000000ae0eb3a0}: org/gradle/process/internal/DefaultExecHandleBuilderCustomizer> (0x00000000ae0eb3a0) 
thrown [s\src\hotspot\share\classfile\systemDictionary.cpp, line 256]
Event: 83.792 Thread 0x0000019e1986d2f0 Exception <a 'java/lang/ClassNotFoundException'{0x00000000adf2b088}: org/gradle/process/internal/DefaultExecActionCustomizer> (0x00000000adf2b088) 
thrown [s\src\hotspot\share\classfile\systemDictionary.cpp, line 256]
Event: 83.794 Thread 0x0000019e1986d2f0 Exception <a 'java/lang/ClassNotFoundException'{0x00000000adf465b8}: org/gradle/process/internal/DefaultExecAction_DecoratedCustomizer> (0x00000000adf465b8) 
thrown [s\src\hotspot\share\classfile\systemDictionary.cpp, line 256]
Event: 83.847 Thread 0x0000019e1986d2f0 Exception <a 'java/lang/ClassNotFoundException'{0x00000000adf7ec08}: org/gradle/api/logging/LogLevelBeanInfo> (0x00000000adf7ec08) 
thrown [s\src\hotspot\share\classfile\systemDictionary.cpp, line 256]
Event: 83.852 Thread 0x0000019e1986d2f0 Exception <a 'java/lang/ClassNotFoundException'{0x00000000adf8fa10}: org/gradle/api/logging/LogLevelCustomizer> (0x00000000adf8fa10) 
thrown [s\src\hotspot\share\classfile\systemDictionary.cpp, line 256]
Event: 83.864 Thread 0x0000019e1986d2f0 Exception <a 'java/lang/ClassNotFoundException'{0x00000000adfd3778}: org/gradle/internal/logging/services/DefaultLoggingManagerBeanInfo> (0x00000000adfd3778) 
thrown [s\src\hotspot\share\classfile\systemDictionary.cpp, line 256]
Event: 83.869 Thread 0x0000019e1986d2f0 Exception <a 'java/lang/ClassNotFoundException'{0x00000000adfe4c78}: org/gradle/internal/logging/services/DefaultLoggingManagerCustomizer> (0x00000000adfe4c78) 
thrown [s\src\hotspot\share\classfile\systemDictionary.cpp, line 256]
Event: 83.877 Thread 0x0000019e1986d2f0 Exception <a 'java/lang/ClassNotFoundException'{0x00000000ade16068}: java/lang/BooleanBeanInfo> (0x00000000ade16068) 
thrown [s\src\hotspot\share\classfile\systemDictionary.cpp, line 256]
Event: 83.877 Thread 0x0000019e1986d2f0 Exception <a 'java/lang/ClassNotFoundException'{0x00000000ade1ce50}: java/lang/BooleanCustomizer> (0x00000000ade1ce50) 
thrown [s\src\hotspot\share\classfile\systemDictionary.cpp, line 256]
Event: 84.033 Thread 0x0000019e1845cb40 Exception <a 'java/lang/NoSuchMethodError'{0x00000000ade92b38}: 'void java.lang.invoke.DirectMethodHandle$Holder.invokeStatic(java.lang.Object, long)'> (0x00000000ade92b38) 
thrown [s\src\hotspot\share\interpreter\linkResolver.cpp, line 771]
Event: 84.039 Thread 0x0000019e1845cb40 Exception <a 'java/lang/NoSuchMethodError'{0x00000000ade97da8}: 'java.lang.Object java.lang.invoke.DirectMethodHandle$Holder.newInvokeSpecial(java.lang.Object, long)'> (0x00000000ade97da8) 
thrown [s\src\hotspot\share\interpreter\linkResolver.cpp, line 771]
Event: 84.057 Thread 0x0000019e1845cb40 Exception <a 'java/lang/NoSuchMethodError'{0x00000000ade9eae8}: 'java.lang.Object java.lang.invoke.DirectMethodHandle$Holder.invokeStatic(java.lang.Object, java.lang.Object, long, java.lang.Object)'> (0x00000000ade9eae8) 
thrown [s\src\hotspot\share\interpreter\linkResolver.cpp, line 771]
Event: 84.058 Thread 0x0000019e1845cb40 Exception <a 'java/lang/NoSuchMethodError'{0x00000000adea2538}: 'java.lang.Object java.lang.invoke.DirectMethodHandle$Holder.invokeStaticInit(java.lang.Object, java.lang.Object, long, java.lang.Object)'> (0x00000000adea2538) 
thrown [s\src\hotspot\share\interpreter\linkResolver.cpp, line 771]
Event: 150.796 Thread 0x0000019e1986ce20 Exception <a 'java/lang/NoSuchMethodError'{0x00000000ace6d780}: 'java.lang.Object java.lang.invoke.DirectMethodHandle$Holder.invokeSpecialIFC(java.lang.Object, java.lang.Object, java.lang.Object)'> (0x00000000ace6d780) 
thrown [s\src\hotspot\share\interpreter\linkResolver.cpp, line 771]
Event: 154.624 Thread 0x0000019e1986b610 Implicit null exception at 0x0000019e0822d60b to 0x0000019e0822f398
Event: 156.142 Thread 0x0000019e1986ce20 Exception <a 'java/lang/NoSuchMethodError'{0x00000000ad7d6ad8}: static Lcom/android/ide/common/resources/MergedAssetWriter$AssetWorkAction;.<clinit>()V> (0x00000000ad7d6ad8) 
thrown [s\src\hotspot\share\prims\jni.cpp, line 1108]
Event: 156.207 Thread 0x0000019e1845d9b0 Exception <a 'java/lang/NoSuchMethodError'{0x00000000ad660ef0}: 'void java.lang.invoke.DirectMethodHandle$Holder.invokeSpecial(java.lang.Object, java.lang.Object, java.lang.Object, int)'> (0x00000000ad660ef0) 
thrown [s\src\hotspot\share\interpreter\linkResolver.cpp, line 771]

VM Operations (20 events):
Event: 153.616 Executing VM operation: G1CollectForAllocation
Event: 153.660 Executing VM operation: G1CollectForAllocation done
Event: 154.661 Executing VM operation: Cleanup
Event: 154.661 Executing VM operation: Cleanup done
Event: 155.670 Executing VM operation: Cleanup
Event: 155.685 Executing VM operation: Cleanup done
Event: 156.699 Executing VM operation: Cleanup
Event: 156.700 Executing VM operation: Cleanup done
Event: 158.616 Executing VM operation: HandshakeAllThreads
Event: 158.616 Executing VM operation: HandshakeAllThreads done
Event: 158.616 Executing VM operation: Cleanup
Event: 158.616 Executing VM operation: Cleanup done
Event: 159.082 Executing VM operation: G1CollectForAllocation
Event: 159.137 Executing VM operation: G1CollectForAllocation done
Event: 160.146 Executing VM operation: Cleanup
Event: 160.146 Executing VM operation: Cleanup done
Event: 160.709 Executing VM operation: ICBufferFull
Event: 160.709 Executing VM operation: ICBufferFull done
Event: 160.809 Executing VM operation: G1CollectForAllocation
Event: 160.842 Executing VM operation: G1CollectForAllocation done

Events (20 events):
Event: 156.233 loading class jdk/internal/event/DeserializationEvent done
Event: 156.233 loading class java/io/ObjectInputStream$FieldValues
Event: 156.234 loading class java/io/ObjectInputStream$GetField
Event: 156.234 loading class java/io/ObjectInputStream$GetField done
Event: 156.234 loading class java/io/ObjectInputStream$FieldValues done
Event: 156.494 loading class java/io/CharArrayWriter
Event: 156.494 loading class java/io/CharArrayWriter done
Event: 158.551 Thread 0x0000019e1d4ea8f0 Thread added: 0x0000019e1d4ea8f0
Event: 158.609 loading class java/util/stream/SortedOps
Event: 158.612 loading class java/util/stream/SortedOps done
Event: 158.612 loading class java/util/stream/SortedOps$OfRef
Event: 158.613 loading class java/util/stream/ReferencePipeline$StatefulOp
Event: 158.614 loading class java/util/stream/ReferencePipeline$StatefulOp done
Event: 158.614 loading class java/util/stream/SortedOps$OfRef done
Event: 158.618 loading class java/util/stream/SortedOps$SizedRefSortingSink
Event: 158.619 loading class java/util/stream/SortedOps$AbstractRefSortingSink
Event: 158.619 loading class java/util/stream/SortedOps$AbstractRefSortingSink done
Event: 158.619 loading class java/util/stream/SortedOps$SizedRefSortingSink done
Event: 159.528 Thread 0x0000019e1d4ea8f0 Thread exited: 0x0000019e1d4ea8f0
Event: 159.981 Thread 0x0000019e1d4eff00 Thread added: 0x0000019e1d4eff00


Dynamic libraries:
0x00007ff7704e0000 - 0x00007ff7704ea000 	C:\Program Files\Android\Android Studio\jbr\bin\java.exe
0x00007fff1cff0000 - 0x00007fff1d1e7000 	C:\Windows\SYSTEM32\ntdll.dll
0x00007fff1b640000 - 0x00007fff1b6fd000 	C:\Windows\System32\KERNEL32.DLL
0x00007fff1ac20000 - 0x00007fff1af16000 	C:\Windows\System32\KERNELBASE.dll
0x00007fff1ab20000 - 0x00007fff1ac20000 	C:\Windows\System32\ucrtbase.dll
0x00007fff12dc0000 - 0x00007fff12ddb000 	C:\Program Files\Android\Android Studio\jbr\bin\VCRUNTIME140.dll
0x00007fff08ee0000 - 0x00007fff08ef7000 	C:\Program Files\Android\Android Studio\jbr\bin\jli.dll
0x00007fff1cc70000 - 0x00007fff1ce0e000 	C:\Windows\System32\USER32.dll
0x00007fff01340000 - 0x00007fff015da000 	C:\Windows\WinSxS\amd64_microsoft.windows.common-controls_6595b64144ccf1df_6.0.19041.3570_none_60bb2a3971f3e41a\COMCTL32.dll
0x00007fff1a9d0000 - 0x00007fff1a9f2000 	C:\Windows\System32\win32u.dll
0x00007fff1baa0000 - 0x00007fff1bb3e000 	C:\Windows\System32\msvcrt.dll
0x00007fff1ba70000 - 0x00007fff1ba9c000 	C:\Windows\System32\GDI32.dll
0x00007fff1aa00000 - 0x00007fff1ab1a000 	C:\Windows\System32\gdi32full.dll
0x00007fff1afb0000 - 0x00007fff1b04d000 	C:\Windows\System32\msvcp_win.dll
0x00007fff1be20000 - 0x00007fff1be50000 	C:\Windows\System32\IMM32.DLL
0x00007fff16190000 - 0x00007fff1619c000 	C:\Program Files\Android\Android Studio\jbr\bin\vcruntime140_1.dll
0x00007ffefd7c0000 - 0x00007ffefd84d000 	C:\Program Files\Android\Android Studio\jbr\bin\msvcp140.dll
0x00007ffee2550000 - 0x00007ffee31be000 	C:\Program Files\Android\Android Studio\jbr\bin\server\jvm.dll
0x00007fff1c2c0000 - 0x00007fff1c36e000 	C:\Windows\System32\ADVAPI32.dll
0x00007fff1b7b0000 - 0x00007fff1b84c000 	C:\Windows\System32\sechost.dll
0x00007fff1b8b0000 - 0x00007fff1b9d6000 	C:\Windows\System32\RPCRT4.dll
0x00007fff18d60000 - 0x00007fff18d69000 	C:\Windows\SYSTEM32\WSOCK32.dll
0x00007fff13ce0000 - 0x00007fff13d07000 	C:\Windows\SYSTEM32\WINMM.dll
0x00007fff1cac0000 - 0x00007fff1cb2b000 	C:\Windows\System32\WS2_32.dll
0x00007fff18e00000 - 0x00007fff18e0a000 	C:\Windows\SYSTEM32\VERSION.dll
0x00007fff18f00000 - 0x00007fff18f12000 	C:\Windows\SYSTEM32\kernel.appcore.dll
0x00007fff17c40000 - 0x00007fff17c4a000 	C:\Program Files\Android\Android Studio\jbr\bin\jimage.dll
0x00007fff0b710000 - 0x00007fff0b8f4000 	C:\Windows\SYSTEM32\DBGHELP.DLL
0x00007fff0b610000 - 0x00007fff0b644000 	C:\Windows\SYSTEM32\dbgcore.DLL
0x00007fff1af20000 - 0x00007fff1afa2000 	C:\Windows\System32\bcryptPrimitives.dll
0x00007fff12e00000 - 0x00007fff12e25000 	C:\Program Files\Android\Android Studio\jbr\bin\java.dll
0x00007fff12de0000 - 0x00007fff12df8000 	C:\Program Files\Android\Android Studio\jbr\bin\zip.dll
0x00007fff1c370000 - 0x00007fff1cab4000 	C:\Windows\System32\SHELL32.dll
0x00007fff185b0000 - 0x00007fff18d4b000 	C:\Windows\SYSTEM32\windows.storage.dll
0x00007fff1b050000 - 0x00007fff1b3a4000 	C:\Windows\System32\combase.dll
0x00007fff1a040000 - 0x00007fff1a06d000 	C:\Windows\SYSTEM32\Wldp.dll
0x00007fff1cbc0000 - 0x00007fff1cc6d000 	C:\Windows\System32\SHCORE.dll
0x00007fff1cb60000 - 0x00007fff1cbb5000 	C:\Windows\System32\shlwapi.dll
0x00007fff1a600000 - 0x00007fff1a625000 	C:\Windows\SYSTEM32\profapi.dll
0x00007fff0c750000 - 0x00007fff0c769000 	C:\Program Files\Android\Android Studio\jbr\bin\net.dll
0x00007fff0fe30000 - 0x00007fff0ff3a000 	C:\Windows\SYSTEM32\WINHTTP.dll
0x00007fff19da0000 - 0x00007fff19e0a000 	C:\Windows\system32\mswsock.dll
0x00007fff0ab10000 - 0x00007fff0ab26000 	C:\Program Files\Android\Android Studio\jbr\bin\nio.dll
0x00007fff15020000 - 0x00007fff15030000 	C:\Program Files\Android\Android Studio\jbr\bin\verify.dll
0x00007fff127d0000 - 0x00007fff127f7000 	C:\Users\Raj\.gradle\native\e1d6ef7f7dcc3fd88c89a11ec53ec762bb8ba0a96d01ffa2cd45eb1d1d8dd5c5\windows-amd64\native-platform.dll
0x00007ffefaeb0000 - 0x00007ffefaff4000 	C:\Users\Raj\.gradle\native\0d407fdbe67a94daf76414ababcb853783967236a71b16ec16e742cd7a986fd3\windows-amd64\native-platform-file-events.dll
0x00007fff14b60000 - 0x00007fff14b69000 	C:\Program Files\Android\Android Studio\jbr\bin\management.dll
0x00007fff14620000 - 0x00007fff1462b000 	C:\Program Files\Android\Android Studio\jbr\bin\management_ext.dll
0x00007fff1cb30000 - 0x00007fff1cb38000 	C:\Windows\System32\PSAPI.DLL
0x00007fff19fa0000 - 0x00007fff19fb8000 	C:\Windows\SYSTEM32\CRYPTSP.dll
0x00007fff196b0000 - 0x00007fff196e4000 	C:\Windows\system32\rsaenh.dll
0x00007fff1a9a0000 - 0x00007fff1a9c7000 	C:\Windows\System32\bcrypt.dll
0x00007fff1a580000 - 0x00007fff1a5ae000 	C:\Windows\SYSTEM32\USERENV.dll
0x00007fff19f90000 - 0x00007fff19f9c000 	C:\Windows\SYSTEM32\CRYPTBASE.dll
0x00007fff19a90000 - 0x00007fff19acb000 	C:\Windows\SYSTEM32\IPHLPAPI.DLL
0x00007fff1b630000 - 0x00007fff1b638000 	C:\Windows\System32\NSI.dll
0x00007fff115e0000 - 0x00007fff115f7000 	C:\Windows\SYSTEM32\dhcpcsvc6.DLL
0x00007fff120a0000 - 0x00007fff120bd000 	C:\Windows\SYSTEM32\dhcpcsvc.DLL
0x00007fff19ad0000 - 0x00007fff19b9a000 	C:\Windows\SYSTEM32\DNSAPI.dll
0x00007fff14010000 - 0x00007fff14017000 	C:\Windows\system32\wshunix.dll

dbghelp: loaded successfully - version: 4.0.5 - missing functions: none
symbol engine: initialized successfully - sym options: 0x614 - pdb path: .;C:\Program Files\Android\Android Studio\jbr\bin;C:\Windows\SYSTEM32;C:\Windows\WinSxS\amd64_microsoft.windows.common-controls_6595b64144ccf1df_6.0.19041.3570_none_60bb2a3971f3e41a;C:\Program Files\Android\Android Studio\jbr\bin\server;C:\Users\Raj\.gradle\native\e1d6ef7f7dcc3fd88c89a11ec53ec762bb8ba0a96d01ffa2cd45eb1d1d8dd5c5\windows-amd64;C:\Users\Raj\.gradle\native\0d407fdbe67a94daf76414ababcb853783967236a71b16ec16e742cd7a986fd3\windows-amd64

VM Arguments:
jvm_args: --add-opens=java.base/java.util=ALL-UNNAMED --add-opens=java.base/java.lang=ALL-UNNAMED --add-opens=java.base/java.lang.invoke=ALL-UNNAMED --add-opens=java.base/java.util=ALL-UNNAMED --add-opens=java.prefs/java.util.prefs=ALL-UNNAMED --add-opens=java.prefs/java.util.prefs=ALL-UNNAMED --add-opens=java.base/java.nio.charset=ALL-UNNAMED --add-opens=java.base/java.net=ALL-UNNAMED --add-opens=java.base/java.util.concurrent.atomic=ALL-UNNAMED -Xmx1536M -Dfile.encoding=windows-1252 -Duser.country=IN -Duser.language=en -Duser.variant 
java_command: org.gradle.launcher.daemon.bootstrap.GradleDaemon 7.5
java_class_path (initial): C:\Users\Raj\.gradle\wrapper\dists\gradle-7.5-all\6qsw290k5lz422uaf8jf6m7co\gradle-7.5\lib\gradle-launcher-7.5.jar
Launcher Type: SUN_STANDARD

[Global flags]
     intx CICompilerCount                          = 3                                         {product} {ergonomic}
     uint ConcGCThreads                            = 1                                         {product} {ergonomic}
     uint G1ConcRefinementThreads                  = 4                                         {product} {ergonomic}
   size_t G1HeapRegionSize                         = 1048576                                   {product} {ergonomic}
    uintx GCDrainStackTargetSize                   = 64                                        {product} {ergonomic}
   size_t InitialHeapSize                          = 67108864                                  {product} {ergonomic}
   size_t MarkStackSize                            = 4194304                                   {product} {ergonomic}
   size_t MaxHeapSize                              = 1610612736                                {product} {command line}
   size_t MaxNewSize                               = 965738496                                 {product} {ergonomic}
   size_t MinHeapDeltaBytes                        = 1048576                                   {product} {ergonomic}
   size_t MinHeapSize                              = 8388608                                   {product} {ergonomic}
    uintx NonNMethodCodeHeapSize                   = 5832780                                {pd product} {ergonomic}
    uintx NonProfiledCodeHeapSize                  = 122912730                              {pd product} {ergonomic}
    uintx ProfiledCodeHeapSize                     = 122912730                              {pd product} {ergonomic}
    uintx ReservedCodeCacheSize                    = 251658240                              {pd product} {ergonomic}
     bool SegmentedCodeCache                       = true                                      {product} {ergonomic}
   size_t SoftMaxHeapSize                          = 1610612736                             {manageable} {ergonomic}
     bool UseCompressedClassPointers               = true                           {product lp64_product} {ergonomic}
     bool UseCompressedOops                        = true                           {product lp64_product} {ergonomic}
     bool UseG1GC                                  = true                                      {product} {ergonomic}
     bool UseLargePagesIndividualAllocation        = false                                  {pd product} {ergonomic}

Logging:
Log output configuration:
 #0: stdout all=warning uptime,level,tags
 #1: stderr all=off uptime,level,tags

Environment Variables:
JAVA_HOME=C:\Program Files\Android\Android Studio\jbr
CLASSPATH=D:\booktickets\android\\gradle\wrapper\gradle-wrapper.jar
PATH=C:\Program Files\Android\Android Studio\jbr\bin;C:\Program Files\Common Files\Oracle\Java\javapath;C:\Windows\system32;C:\Windows;C:\Windows\System32\Wbem;C:\Windows\System32\WindowsPowerShell\v1.0\;C:\Windows\System32\OpenSSH\;C:\Program Files\Java\jdk-19\bin;C:\xampp\php;C:\ProgramData\ComposerSetup\bin;C:\php;C:\Windows\System32\drivers\etc;C:\Program Files\nodejs\;C:\Program Files\Git\bin;C:\Users\Raj\AppData\Local\Pub\Cache\bin;C:\Program Files\Azure Data Studio\bin;C:\Program Files\Microsoft SQL Server\150\Tools\Binn\;C:\Program Files\Microsoft SQL Server\Client SDK\ODBC\170\Tools\Binn\;C:\Program Files\dotnet\;C:\flutter\bin;C:\Users\Raj\AppData\Local\Programs\Python\Python311\Scripts\;C:\Users\Raj\AppData\Local\Programs\Python\Python311\;C:\Users\Raj\AppData\Local\Microsoft\WindowsApps;C:\Users\Raj\AppData\Local\Programs\Microsoft VS Code\bin;C:\Users\Raj\AppData\Roaming\Composer\vendor\bin;D:\flutter\bin;C:\Windows\System32\drivers\etc;C:\Users\Raj\AppData\Roaming\npm;C:\Program Files\Azure Data Studio\bin;C:\Users\Raj\.dotnet\tools;C:\flutter\bin\mingit\cmd
USERNAME=Raj
OS=Windows_NT
PROCESSOR_IDENTIFIER=Intel64 Family 6 Model 42 Stepping 7, GenuineIntel
TMP=C:\Users\Raj\AppData\Local\Temp
TEMP=C:\Users\Raj\AppData\Local\Temp


JNI global refs:
JNI global refs: 27, weak refs: 6

JNI global refs memory usage: 843, weak refs: 841


---------------  S Y S T E M  ---------------

OS:
 Windows 10 , 64 bit Build 19041 (10.0.19041.3570)
OS uptime: 0 days 13:38 hours

CPU: total 4 (initial active 4) (2 cores per cpu, 2 threads per core) family 6 model 42 stepping 7 microcode 0x2f, cx8, cmov, fxsr, ht, mmx, sse, sse2, sse3, ssse3, sse4.1, sse4.2, popcnt, tsc, tscinvbit, avx, clmul, vzeroupper, clflush

Memory: 4k page, system-wide physical 4000M (593M free)
TotalPageFile size 9575M (AvailPageFile size 2069M)
current process WorkingSet (physical memory assigned to process): 270M, peak: 433M
current process commit charge ("private bytes"): 556M, peak: 560M

vm_info: OpenJDK 64-Bit Server VM (17.0.6+0-b2043.56-10027231) for windows-amd64 JRE (17.0.6+0-b2043.56-10027231), built on Apr 28 2023 00:43:19 by "androidbuild" with MS VC++ 16.10 / 16.11 (VS2019)

END.
